<?xml version="1.0" encoding="UTF-8"?>
<coverage generated="1773477447288" clover="3.2.0">
  <project timestamp="1773477447288" name="All files">
    <metrics statements="367" coveredstatements="330" conditionals="249" coveredconditionals="200" methods="79" coveredmethods="72" elements="695" coveredelements="602" complexity="0" loc="367" ncloc="367" packages="3" files="8" classes="8"/>
    <package name="src">
      <metrics statements="3" coveredstatements="2" conditionals="0" coveredconditionals="0" methods="3" coveredmethods="1"/>
      <file name="App.css" path="/Users/ulrich.frank/Dev/private/molthar/game-web/src/App.css">
        <metrics statements="0" coveredstatements="0" conditionals="0" coveredconditionals="0" methods="0" coveredmethods="0"/>
      </file>
      <file name="App.tsx" path="/Users/ulrich.frank/Dev/private/molthar/game-web/src/App.tsx">
        <metrics statements="3" coveredstatements="2" conditionals="0" coveredconditionals="0" methods="3" coveredmethods="1"/>
        <line num="5" count="2" type="stmt"/>
        <line num="7" count="2" type="stmt"/>
        <line num="24" count="0" type="stmt"/>
      </file>
    </package>
    <package name="src.game.engine">
      <metrics statements="350" coveredstatements="320" conditionals="247" coveredconditionals="200" methods="73" coveredmethods="69"/>
      <file name="abilitySystem.ts" path="/Users/ulrich.frank/Dev/private/molthar/game-web/src/game/engine/abilitySystem.ts">
        <metrics statements="53" coveredstatements="49" conditionals="36" coveredconditionals="26" methods="16" coveredmethods="15"/>
        <line num="23" count="10" type="stmt"/>
        <line num="24" count="9" type="cond" truecount="1" falsecount="1"/>
        <line num="25" count="0" type="stmt"/>
        <line num="28" count="9" type="cond" truecount="5" falsecount="1"/>
        <line num="30" count="3" type="stmt"/>
        <line num="33" count="3" type="stmt"/>
        <line num="36" count="1" type="stmt"/>
        <line num="39" count="1" type="stmt"/>
        <line num="42" count="1" type="stmt"/>
        <line num="45" count="0" type="stmt"/>
        <line num="54" count="5" type="stmt"/>
        <line num="55" count="5" type="cond" truecount="1" falsecount="1"/>
        <line num="58" count="5" type="stmt"/>
        <line num="59" count="5" type="cond" truecount="2" falsecount="0"/>
        <line num="60" count="3" type="stmt"/>
        <line num="64" count="2" type="stmt"/>
        <line num="71" count="3" type="stmt"/>
        <line num="72" count="3" type="stmt"/>
        <line num="74" count="3" type="cond" truecount="1" falsecount="1"/>
        <line num="76" count="3" type="stmt"/>
        <line num="77" count="4" type="cond" truecount="5" falsecount="0"/>
        <line num="78" count="3" type="stmt"/>
        <line num="82" count="3" type="stmt"/>
        <line num="89" count="3" type="stmt"/>
        <line num="90" count="3" type="cond" truecount="1" falsecount="1"/>
        <line num="92" count="3" type="stmt"/>
        <line num="95" count="3" type="cond" truecount="2" falsecount="0"/>
        <line num="96" count="2" type="stmt"/>
        <line num="102" count="3" type="stmt"/>
        <line num="109" count="2" type="stmt"/>
        <line num="110" count="2" type="cond" truecount="1" falsecount="1"/>
        <line num="112" count="2" type="stmt"/>
        <line num="115" count="2" type="cond" truecount="2" falsecount="0"/>
        <line num="116" count="1" type="stmt"/>
        <line num="119" count="2" type="stmt"/>
        <line num="130" count="0" type="stmt"/>
        <line num="132" count="0" type="stmt"/>
        <line num="149" count="3" type="stmt"/>
        <line num="150" count="3" type="stmt"/>
        <line num="151" count="6" type="cond" truecount="2" falsecount="0"/>
        <line num="154" count="3" type="stmt"/>
        <line num="164" count="3" type="stmt"/>
        <line num="165" count="3" type="stmt"/>
        <line num="169" count="3" type="stmt"/>
        <line num="170" count="6" type="cond" truecount="2" falsecount="0"/>
        <line num="173" count="3" type="stmt"/>
        <line num="186" count="1" type="stmt"/>
        <line num="199" count="1" type="stmt"/>
        <line num="212" count="1" type="stmt"/>
        <line num="219" count="3" type="stmt"/>
        <line num="229" count="3" type="stmt"/>
        <line num="236" count="20" type="stmt"/>
        <line num="243" count="20" type="stmt"/>
      </file>
      <file name="costValidator.ts" path="/Users/ulrich.frank/Dev/private/molthar/game-web/src/game/engine/costValidator.ts">
        <metrics statements="113" coveredstatements="107" conditionals="82" coveredconditionals="68" methods="29" coveredmethods="28"/>
        <line num="25" count="28" type="cond" truecount="2" falsecount="0"/>
        <line num="26" count="1" type="stmt"/>
        <line num="29" count="85" type="stmt"/>
        <line num="31" count="27" type="cond" truecount="8" falsecount="1"/>
        <line num="33" count="7" type="stmt"/>
        <line num="36" count="4" type="stmt"/>
        <line num="39" count="2" type="stmt"/>
        <line num="42" count="3" type="stmt"/>
        <line num="45" count="4" type="stmt"/>
        <line num="48" count="2" type="stmt"/>
        <line num="51" count="2" type="stmt"/>
        <line num="54" count="3" type="stmt"/>
        <line num="57" count="0" type="stmt"/>
        <line num="71" count="4" type="cond" truecount="2" falsecount="0"/>
        <line num="72" count="1" type="stmt"/>
        <line num="76" count="3" type="cond" truecount="3" falsecount="1"/>
        <line num="77" count="0" type="stmt"/>
        <line num="81" count="3" type="cond" truecount="2" falsecount="0"/>
        <line num="82" count="1" type="stmt"/>
        <line num="86" count="2" type="stmt"/>
        <line num="98" count="7" type="stmt"/>
        <line num="101" count="7" type="stmt"/>
        <line num="103" count="7" type="cond" truecount="2" falsecount="0"/>
        <line num="104" count="2" type="stmt"/>
        <line num="108" count="5" type="cond" truecount="1" falsecount="1"/>
        <line num="109" count="12" type="stmt"/>
        <line num="119" count="4" type="stmt"/>
        <line num="122" count="4" type="stmt"/>
        <line num="123" count="13" type="cond" truecount="2" falsecount="0"/>
        <line num="124" count="11" type="stmt"/>
        <line num="126" count="13" type="stmt"/>
        <line num="130" count="4" type="stmt"/>
        <line num="131" count="8" type="cond" truecount="2" falsecount="0"/>
        <line num="132" count="3" type="stmt"/>
        <line num="136" count="1" type="stmt"/>
        <line num="148" count="2" type="stmt"/>
        <line num="150" count="2" type="stmt"/>
        <line num="152" count="2" type="cond" truecount="1" falsecount="1"/>
        <line num="153" count="0" type="stmt"/>
        <line num="156" count="2" type="cond" truecount="1" falsecount="1"/>
        <line num="157" count="5" type="stmt"/>
        <line num="170" count="3" type="stmt"/>
        <line num="171" count="3" type="stmt"/>
        <line num="174" count="3" type="stmt"/>
        <line num="175" count="13" type="stmt"/>
        <line num="176" count="13" type="cond" truecount="2" falsecount="0"/>
        <line num="177" count="1" type="cond" truecount="0" falsecount="2"/>
        <line num="178" count="3" type="stmt"/>
        <line num="182" count="12" type="stmt"/>
        <line num="192" count="12" type="stmt"/>
        <line num="195" count="4" type="stmt"/>
        <line num="196" count="16" type="stmt"/>
        <line num="197" count="16" type="stmt"/>
        <line num="198" count="24" type="stmt"/>
        <line num="199" count="24" type="cond" truecount="4" falsecount="0"/>
        <line num="200" count="13" type="stmt"/>
        <line num="202" count="11" type="stmt"/>
        <line num="205" count="16" type="cond" truecount="2" falsecount="0"/>
        <line num="207" count="3" type="stmt"/>
        <line num="208" count="3" type="stmt"/>
        <line num="209" count="13" type="cond" truecount="2" falsecount="0"/>
        <line num="210" count="7" type="cond" truecount="1" falsecount="1"/>
        <line num="211" count="7" type="stmt"/>
        <line num="215" count="3" type="cond" truecount="1" falsecount="1"/>
        <line num="216" count="3" type="stmt"/>
        <line num="221" count="13" type="stmt"/>
        <line num="231" count="9" type="stmt"/>
        <line num="233" count="2" type="cond" truecount="2" falsecount="0"/>
        <line num="234" count="1" type="stmt"/>
        <line num="237" count="3" type="stmt"/>
        <line num="247" count="9" type="stmt"/>
        <line num="249" count="2" type="cond" truecount="2" falsecount="0"/>
        <line num="250" count="1" type="stmt"/>
        <line num="253" count="3" type="stmt"/>
        <line num="265" count="9" type="stmt"/>
        <line num="266" count="3" type="cond" truecount="2" falsecount="0"/>
        <line num="267" count="1" type="stmt"/>
        <line num="271" count="6" type="stmt"/>
        <line num="272" count="2" type="cond" truecount="2" falsecount="0"/>
        <line num="273" count="1" type="stmt"/>
        <line num="276" count="1" type="stmt"/>
        <line num="287" count="22" type="cond" truecount="1" falsecount="1"/>
        <line num="288" count="0" type="stmt"/>
        <line num="291" count="22" type="cond" truecount="3" falsecount="1"/>
        <line num="292" count="0" type="stmt"/>
        <line num="295" count="22" type="stmt"/>
        <line num="298" count="128" type="cond" truecount="2" falsecount="0"/>
        <line num="299" count="10" type="stmt"/>
        <line num="300" count="10" type="stmt"/>
        <line num="303" count="118" type="cond" truecount="2" falsecount="0"/>
        <line num="304" count="13" type="stmt"/>
        <line num="307" count="105" type="stmt"/>
        <line num="308" count="106" type="stmt"/>
        <line num="309" count="106" type="stmt"/>
        <line num="310" count="106" type="stmt"/>
        <line num="314" count="22" type="stmt"/>
        <line num="315" count="22" type="stmt"/>
        <line num="330" count="2" type="stmt"/>
        <line num="331" count="2" type="stmt"/>
        <line num="333" count="2" type="stmt"/>
        <line num="334" count="3" type="stmt"/>
        <line num="336" count="3" type="cond" truecount="2" falsecount="0"/>
        <line num="337" count="1" type="stmt"/>
        <line num="340" count="2" type="cond" truecount="1" falsecount="1"/>
        <line num="342" count="2" type="stmt"/>
        <line num="343" count="2" type="stmt"/>
        <line num="344" count="4" type="stmt"/>
        <line num="345" count="4" type="stmt"/>
        <line num="347" count="2" type="stmt"/>
        <line num="351" count="1" type="stmt"/>
        <line num="360" count="85" type="cond" truecount="2" falsecount="2"/>
        <line num="361" count="0" type="stmt"/>
        <line num="367" count="85" type="stmt"/>
      </file>
      <file name="finalRound.ts" path="/Users/ulrich.frank/Dev/private/molthar/game-web/src/game/engine/finalRound.ts">
        <metrics statements="38" coveredstatements="38" conditionals="27" coveredconditionals="27" methods="8" coveredmethods="8"/>
        <line num="12" count="2" type="stmt"/>
        <line num="19" count="3" type="cond" truecount="2" falsecount="0"/>
        <line num="20" count="1" type="stmt"/>
        <line num="23" count="2" type="stmt"/>
        <line num="30" count="4" type="cond" truecount="2" falsecount="0"/>
        <line num="31" count="1" type="stmt"/>
        <line num="34" count="3" type="stmt"/>
        <line num="35" count="8" type="cond" truecount="2" falsecount="0"/>
        <line num="38" count="3" type="stmt"/>
        <line num="45" count="3" type="cond" truecount="2" falsecount="0"/>
        <line num="46" count="1" type="stmt"/>
        <line num="50" count="2" type="stmt"/>
        <line num="51" count="2" type="cond" truecount="2" falsecount="0"/>
        <line num="59" count="12" type="cond" truecount="2" falsecount="0"/>
        <line num="60" count="2" type="stmt"/>
        <line num="63" count="10" type="stmt"/>
        <line num="64" count="10" type="stmt"/>
        <line num="65" count="10" type="stmt"/>
        <line num="67" count="10" type="stmt"/>
        <line num="68" count="12" type="stmt"/>
        <line num="69" count="12" type="stmt"/>
        <line num="70" count="12" type="stmt"/>
        <line num="72" count="12" type="cond" truecount="2" falsecount="0"/>
        <line num="76" count="2" type="stmt"/>
        <line num="77" count="2" type="stmt"/>
        <line num="78" count="2" type="stmt"/>
        <line num="82" count="10" type="stmt"/>
        <line num="95" count="8" type="cond" truecount="4" falsecount="0"/>
        <line num="96" count="2" type="stmt"/>
        <line num="99" count="6" type="stmt"/>
        <line num="100" count="6" type="cond" truecount="4" falsecount="0"/>
        <line num="101" count="1" type="stmt"/>
        <line num="104" count="5" type="stmt"/>
        <line num="105" count="5" type="stmt"/>
        <line num="118" count="4" type="stmt"/>
        <line num="119" count="4" type="cond" truecount="2" falsecount="0"/>
        <line num="120" count="1" type="stmt"/>
        <line num="123" count="3" type="stmt"/>
      </file>
      <file name="gameEngine.ts" path="/Users/ulrich.frank/Dev/private/molthar/game-web/src/game/engine/gameEngine.ts">
        <metrics statements="146" coveredstatements="126" conditionals="102" coveredconditionals="79" methods="20" coveredmethods="18"/>
        <line num="16" count="121" type="cond" truecount="4" falsecount="0"/>
        <line num="17" count="2" type="stmt"/>
        <line num="22" count="119" type="stmt"/>
        <line num="23" count="829" type="stmt"/>
        <line num="26" count="245" type="stmt"/>
        <line num="39" count="119" type="stmt"/>
        <line num="40" count="119" type="stmt"/>
        <line num="42" count="119" type="stmt"/>
        <line num="57" count="119" type="stmt"/>
        <line num="66" count="51" type="cond" truecount="2" falsecount="0"/>
        <line num="67" count="1" type="stmt"/>
        <line num="71" count="52" type="stmt"/>
        <line num="72" count="50" type="cond" truecount="1" falsecount="1"/>
        <line num="73" count="0" type="stmt"/>
        <line num="77" count="50" type="stmt"/>
        <line num="79" count="50" type="stmt"/>
        <line num="80" count="50" type="cond" truecount="5" falsecount="2"/>
        <line num="82" count="9" type="stmt"/>
        <line num="84" count="7" type="stmt"/>
        <line num="86" count="16" type="stmt"/>
        <line num="88" count="7" type="stmt"/>
        <line num="90" count="11" type="stmt"/>
        <line num="92" count="0" type="stmt"/>
        <line num="94" count="0" type="stmt"/>
        <line num="97" count="14" type="stmt"/>
        <line num="105" count="9" type="cond" truecount="1" falsecount="1"/>
        <line num="107" count="9" type="cond" truecount="5" falsecount="0"/>
        <line num="108" count="1" type="stmt"/>
        <line num="111" count="8" type="stmt"/>
        <line num="114" count="8" type="cond" truecount="2" falsecount="0"/>
        <line num="115" count="2" type="stmt"/>
        <line num="119" count="6" type="cond" truecount="1" falsecount="1"/>
        <line num="120" count="0" type="stmt"/>
        <line num="124" count="6" type="stmt"/>
        <line num="125" count="6" type="stmt"/>
        <line num="126" count="6" type="stmt"/>
        <line num="129" count="6" type="cond" truecount="1" falsecount="1"/>
        <line num="130" count="6" type="stmt"/>
        <line num="131" count="0" type="cond" truecount="0" falsecount="2"/>
        <line num="133" count="0" type="stmt"/>
        <line num="134" count="0" type="stmt"/>
        <line num="135" count="0" type="cond" truecount="0" falsecount="2"/>
        <line num="136" count="0" type="stmt"/>
        <line num="141" count="6" type="stmt"/>
        <line num="144" count="6" type="stmt"/>
        <line num="149" count="6" type="stmt"/>
        <line num="156" count="7" type="cond" truecount="1" falsecount="1"/>
        <line num="158" count="7" type="cond" truecount="5" falsecount="0"/>
        <line num="159" count="1" type="stmt"/>
        <line num="162" count="6" type="stmt"/>
        <line num="165" count="6" type="cond" truecount="1" falsecount="1"/>
        <line num="166" count="0" type="stmt"/>
        <line num="170" count="6" type="cond" truecount="2" falsecount="0"/>
        <line num="171" count="1" type="stmt"/>
        <line num="175" count="5" type="stmt"/>
        <line num="176" count="5" type="stmt"/>
        <line num="177" count="5" type="stmt"/>
        <line num="180" count="5" type="cond" truecount="1" falsecount="1"/>
        <line num="181" count="5" type="stmt"/>
        <line num="182" count="0" type="cond" truecount="0" falsecount="2"/>
        <line num="184" count="0" type="stmt"/>
        <line num="185" count="0" type="stmt"/>
        <line num="186" count="0" type="cond" truecount="0" falsecount="2"/>
        <line num="187" count="0" type="stmt"/>
        <line num="192" count="5" type="stmt"/>
        <line num="195" count="5" type="stmt"/>
        <line num="200" count="5" type="stmt"/>
        <line num="208" count="16" type="cond" truecount="1" falsecount="1"/>
        <line num="210" count="16" type="cond" truecount="2" falsecount="0"/>
        <line num="215" count="1" type="stmt"/>
        <line num="218" count="15" type="stmt"/>
        <line num="221" count="15" type="cond" truecount="2" falsecount="0"/>
        <line num="222" count="1" type="stmt"/>
        <line num="226" count="14" type="stmt"/>
        <line num="229" count="14" type="cond" truecount="2" falsecount="0"/>
        <line num="230" count="1" type="stmt"/>
        <line num="234" count="13" type="stmt"/>
        <line num="235" count="13" type="cond" truecount="4" falsecount="0"/>
        <line num="236" count="1" type="stmt"/>
        <line num="240" count="12" type="stmt"/>
        <line num="241" count="9" type="cond" truecount="4" falsecount="0"/>
        <line num="242" count="1" type="stmt"/>
        <line num="250" count="11" type="cond" truecount="3" falsecount="1"/>
        <line num="251" count="0" type="stmt"/>
        <line num="255" count="11" type="stmt"/>
        <line num="256" count="11" type="stmt"/>
        <line num="259" count="11" type="stmt"/>
        <line num="260" count="11" type="stmt"/>
        <line num="261" count="8" type="stmt"/>
        <line num="265" count="11" type="stmt"/>
        <line num="266" count="11" type="stmt"/>
        <line num="269" count="11" type="cond" truecount="4" falsecount="0"/>
        <line num="270" count="2" type="stmt"/>
        <line num="271" count="2" type="stmt"/>
        <line num="274" count="2" type="cond" truecount="1" falsecount="1"/>
        <line num="275" count="2" type="stmt"/>
        <line num="285" count="11" type="stmt"/>
        <line num="288" count="11" type="cond" truecount="2" falsecount="0"/>
        <line num="292" count="3" type="stmt"/>
        <line num="293" count="3" type="stmt"/>
        <line num="295" count="6" type="stmt"/>
        <line num="300" count="11" type="stmt"/>
        <line num="305" count="11" type="stmt"/>
        <line num="312" count="7" type="stmt"/>
        <line num="315" count="7" type="cond" truecount="2" falsecount="0"/>
        <line num="316" count="1" type="stmt"/>
        <line num="318" count="1" type="stmt"/>
        <line num="322" count="1" type="stmt"/>
        <line num="326" count="6" type="stmt"/>
        <line num="327" count="6" type="stmt"/>
        <line num="330" count="6" type="cond" truecount="2" falsecount="2"/>
        <line num="331" count="0" type="stmt"/>
        <line num="332" count="0" type="stmt"/>
        <line num="333" count="0" type="stmt"/>
        <line num="337" count="6" type="stmt"/>
        <line num="342" count="6" type="stmt"/>
        <line num="350" count="11" type="cond" truecount="1" falsecount="1"/>
        <line num="352" count="11" type="cond" truecount="2" falsecount="0"/>
        <line num="353" count="1" type="stmt"/>
        <line num="356" count="10" type="stmt"/>
        <line num="359" count="10" type="stmt"/>
        <line num="361" count="10" type="cond" truecount="2" falsecount="0"/>
        <line num="362" count="1" type="stmt"/>
        <line num="365" count="10" type="stmt"/>
        <line num="368" count="10" type="cond" truecount="2" falsecount="0"/>
        <line num="369" count="1" type="stmt"/>
        <line num="375" count="9" type="stmt"/>
        <line num="376" count="11" type="cond" truecount="4" falsecount="0"/>
        <line num="377" count="1" type="stmt"/>
        <line num="382" count="8" type="stmt"/>
        <line num="383" count="8" type="cond" truecount="2" falsecount="0"/>
        <line num="384" count="1" type="stmt"/>
        <line num="388" count="7" type="stmt"/>
        <line num="389" count="7" type="stmt"/>
        <line num="391" count="7" type="stmt"/>
        <line num="392" count="8" type="stmt"/>
        <line num="393" count="8" type="stmt"/>
        <line num="397" count="7" type="stmt"/>
        <line num="400" count="7" type="stmt"/>
        <line num="401" count="7" type="stmt"/>
        <line num="402" count="7" type="stmt"/>
        <line num="405" count="7" type="stmt"/>
        <line num="410" count="7" type="stmt"/>
        <line num="418" count="0" type="stmt"/>
        <line num="425" count="50" type="stmt"/>
        <line num="427" count="101" type="stmt"/>
      </file>
    </package>
    <package name="src.lib">
      <metrics statements="14" coveredstatements="8" conditionals="2" coveredconditionals="0" methods="3" coveredmethods="2"/>
      <file name="constants.ts" path="/Users/ulrich.frank/Dev/private/molthar/game-web/src/lib/constants.ts">
        <metrics statements="12" coveredstatements="6" conditionals="2" coveredconditionals="0" methods="3" coveredmethods="2"/>
        <line num="4" count="1" type="stmt"/>
        <line num="17" count="119" type="stmt"/>
        <line num="18" count="119" type="stmt"/>
        <line num="19" count="952" type="stmt"/>
        <line num="20" count="6664" type="stmt"/>
        <line num="27" count="29233" type="stmt"/>
        <line num="32" count="0" type="stmt"/>
        <line num="33" count="0" type="stmt"/>
        <line num="34" count="0" type="cond" truecount="0" falsecount="2"/>
        <line num="35" count="0" type="stmt"/>
        <line num="37" count="0" type="stmt"/>
        <line num="38" count="0" type="stmt"/>
      </file>
      <file name="types.ts" path="/Users/ulrich.frank/Dev/private/molthar/game-web/src/lib/types.ts">
        <metrics statements="2" coveredstatements="2" conditionals="0" coveredconditionals="0" methods="0" coveredmethods="0"/>
        <line num="14" count="1" type="stmt"/>
        <line num="86" count="1" type="stmt"/>
      </file>
    </package>
  </project>
</coverage>
