{"/Users/ulrich.frank/Dev/private/molthar/game-web/src/App.css": {"path":"/Users/ulrich.frank/Dev/private/molthar/game-web/src/App.css","statementMap":{},"fnMap":{},"branchMap":{},"s":{},"f":{},"b":{},"meta":{"lastBranch":0,"lastFunction":0,"lastStatement":0,"seen":{}}}
,"/Users/ulrich.frank/Dev/private/molthar/game-web/src/App.tsx": {"path":"/Users/ulrich.frank/Dev/private/molthar/game-web/src/App.tsx","statementMap":{"0":{"start":{"line":5,"column":16},"end":{"line":5,"column":39}},"1":{"start":{"line":7,"column":2},"end":{"line":35,"column":null}},"2":{"start":{"line":24,"column":27},"end":{"line":24,"column":57}},"3":{"start":{"line":24,"column":47},"end":{"line":24,"column":57}}},"fnMap":{"0":{"name":"App","decl":{"start":{"line":4,"column":9},"end":{"line":4,"column":15}},"loc":{"start":{"line":4,"column":15},"end":{"line":35,"column":null}},"line":4},"1":{"name":"(anonymous_1)","decl":{"start":{"line":24,"column":12},"end":{"line":24,"column":27}},"loc":{"start":{"line":24,"column":27},"end":{"line":24,"column":57}},"line":24},"2":{"name":"(anonymous_2)","decl":{"start":{"line":24,"column":27},"end":{"line":24,"column":37}},"loc":{"start":{"line":24,"column":47},"end":{"line":24,"column":57}},"line":24}},"branchMap":{},"s":{"0":2,"1":2,"2":0,"3":0},"f":{"0":2,"1":0,"2":0},"b":{},"meta":{"lastBranch":0,"lastFunction":3,"lastStatement":4,"seen":{"f:4:9:4:15":0,"s:5:16:5:39":0,"s:7:2:35:Infinity":1,"f:24:12:24:27":1,"s:24:27:24:57":2,"f:24:27:24:37":2,"s:24:47:24:57":3}}}
,"/Users/ulrich.frank/Dev/private/molthar/game-web/src/game/engine/abilitySystem.ts": {"path":"/Users/ulrich.frank/Dev/private/molthar/game-web/src/game/engine/abilitySystem.ts","statementMap":{"0":{"start":{"line":23,"column":30},"end":{"line":23,"column":89}},"1":{"start":{"line":23,"column":61},"end":{"line":23,"column":89}},"2":{"start":{"line":24,"column":2},"end":{"line":25,"column":null}},"3":{"start":{"line":25,"column":4},"end":{"line":25,"column":null}},"4":{"start":{"line":28,"column":2},"end":{"line":45,"column":null}},"5":{"start":{"line":30,"column":6},"end":{"line":30,"column":null}},"6":{"start":{"line":33,"column":6},"end":{"line":33,"column":null}},"7":{"start":{"line":36,"column":6},"end":{"line":36,"column":null}},"8":{"start":{"line":39,"column":6},"end":{"line":39,"column":null}},"9":{"start":{"line":42,"column":6},"end":{"line":42,"column":null}},"10":{"start":{"line":45,"column":6},"end":{"line":45,"column":null}},"11":{"start":{"line":54,"column":17},"end":{"line":54,"column":null}},"12":{"start":{"line":55,"column":2},"end":{"line":55,"column":null}},"13":{"start":{"line":55,"column":15},"end":{"line":55,"column":null}},"14":{"start":{"line":58,"column":2},"end":{"line":60,"column":null}},"15":{"start":{"line":59,"column":4},"end":{"line":60,"column":null}},"16":{"start":{"line":60,"column":6},"end":{"line":60,"column":null}},"17":{"start":{"line":64,"column":2},"end":{"line":64,"column":null}},"18":{"start":{"line":71,"column":17},"end":{"line":71,"column":null}},"19":{"start":{"line":72,"column":20},"end":{"line":72,"column":42}},"20":{"start":{"line":74,"column":2},"end":{"line":74,"column":null}},"21":{"start":{"line":74,"column":15},"end":{"line":74,"column":null}},"22":{"start":{"line":76,"column":2},"end":{"line":78,"column":null}},"23":{"start":{"line":77,"column":4},"end":{"line":78,"column":null}},"24":{"start":{"line":78,"column":6},"end":{"line":78,"column":null}},"25":{"start":{"line":82,"column":2},"end":{"line":82,"column":null}},"26":{"start":{"line":89,"column":17},"end":{"line":89,"column":null}},"27":{"start":{"line":90,"column":2},"end":{"line":90,"column":null}},"28":{"start":{"line":90,"column":15},"end":{"line":90,"column":null}},"29":{"start":{"line":92,"column":17},"end":{"line":92,"column":null}},"30":{"start":{"line":95,"column":2},"end":{"line":96,"column":null}},"31":{"start":{"line":96,"column":4},"end":{"line":96,"column":null}},"32":{"start":{"line":102,"column":2},"end":{"line":102,"column":null}},"33":{"start":{"line":109,"column":17},"end":{"line":109,"column":null}},"34":{"start":{"line":110,"column":2},"end":{"line":110,"column":null}},"35":{"start":{"line":110,"column":15},"end":{"line":110,"column":null}},"36":{"start":{"line":112,"column":17},"end":{"line":112,"column":null}},"37":{"start":{"line":115,"column":2},"end":{"line":116,"column":null}},"38":{"start":{"line":116,"column":4},"end":{"line":116,"column":null}},"39":{"start":{"line":119,"column":2},"end":{"line":119,"column":null}},"40":{"start":{"line":130,"column":17},"end":{"line":130,"column":null}},"41":{"start":{"line":132,"column":2},"end":{"line":135,"column":null}},"42":{"start":{"line":149,"column":19},"end":{"line":149,"column":31}},"43":{"start":{"line":150,"column":2},"end":{"line":152,"column":null}},"44":{"start":{"line":151,"column":4},"end":{"line":151,"column":null}},"45":{"start":{"line":154,"column":2},"end":{"line":154,"column":null}},"46":{"start":{"line":164,"column":19},"end":{"line":164,"column":31}},"47":{"start":{"line":165,"column":8},"end":{"line":165,"column":null}},"48":{"start":{"line":169,"column":2},"end":{"line":171,"column":null}},"49":{"start":{"line":170,"column":4},"end":{"line":170,"column":null}},"50":{"start":{"line":173,"column":2},"end":{"line":173,"column":null}},"51":{"start":{"line":186,"column":2},"end":{"line":186,"column":null}},"52":{"start":{"line":199,"column":2},"end":{"line":199,"column":null}},"53":{"start":{"line":212,"column":2},"end":{"line":212,"column":null}},"54":{"start":{"line":219,"column":24},"end":{"line":228,"column":null}},"55":{"start":{"line":229,"column":2},"end":{"line":229,"column":null}},"56":{"start":{"line":236,"column":23},"end":{"line":242,"column":null}},"57":{"start":{"line":243,"column":2},"end":{"line":243,"column":null}}},"fnMap":{"0":{"name":"executeRedAbility","decl":{"start":{"line":18,"column":16},"end":{"line":18,"column":null}},"loc":{"start":{"line":22,"column":31},"end":{"line":45,"column":null}},"line":22},"1":{"name":"(anonymous_1)","decl":{"start":{"line":23,"column":44},"end":{"line":23,"column":55}},"loc":{"start":{"line":23,"column":61},"end":{"line":23,"column":89}},"line":23},"2":{"name":"isBlueAbilityActive","decl":{"start":{"line":53,"column":16},"end":{"line":53,"column":36}},"loc":{"start":{"line":53,"column":90},"end":{"line":64,"column":null}},"line":53},"3":{"name":"getActiveBlueAbilities","decl":{"start":{"line":70,"column":16},"end":{"line":70,"column":39}},"loc":{"start":{"line":70,"column":76},"end":{"line":82,"column":null}},"line":70},"4":{"name":"getModifiedActionCount","decl":{"start":{"line":88,"column":16},"end":{"line":88,"column":39}},"loc":{"start":{"line":88,"column":87},"end":{"line":102,"column":null}},"line":88},"5":{"name":"getModifiedHandLimit","decl":{"start":{"line":108,"column":16},"end":{"line":108,"column":37}},"loc":{"start":{"line":108,"column":87},"end":{"line":119,"column":null}},"line":108},"6":{"name":"getPearlValueModifiers","decl":{"start":{"line":126,"column":16},"end":{"line":126,"column":39}},"loc":{"start":{"line":129,"column":2},"end":{"line":135,"column":null}},"line":129},"7":{"name":"executeThreeExtraActions","decl":{"start":{"line":145,"column":9},"end":{"line":145,"column":null}},"loc":{"start":{"line":148,"column":31},"end":{"line":154,"column":null}},"line":148},"8":{"name":"(anonymous_8)","decl":{"start":{"line":150,"column":38},"end":{"line":150,"column":43}},"loc":{"start":{"line":151,"column":4},"end":{"line":151,"column":null}},"line":151},"9":{"name":"executeNextPlayerOneExtraAction","decl":{"start":{"line":160,"column":9},"end":{"line":160,"column":null}},"loc":{"start":{"line":163,"column":31},"end":{"line":173,"column":null}},"line":163},"10":{"name":"(anonymous_10)","decl":{"start":{"line":169,"column":38},"end":{"line":169,"column":43}},"loc":{"start":{"line":170,"column":4},"end":{"line":170,"column":null}},"line":170},"11":{"name":"executeDiscardOpponentCharacter","decl":{"start":{"line":180,"column":9},"end":{"line":180,"column":null}},"loc":{"start":{"line":183,"column":31},"end":{"line":186,"column":null}},"line":183},"12":{"name":"executeStealOpponentHandCard","decl":{"start":{"line":193,"column":9},"end":{"line":193,"column":null}},"loc":{"start":{"line":196,"column":31},"end":{"line":199,"column":null}},"line":196},"13":{"name":"executeTakeBackPlayedPearl","decl":{"start":{"line":206,"column":9},"end":{"line":206,"column":null}},"loc":{"start":{"line":209,"column":31},"end":{"line":212,"column":null}},"line":209},"14":{"name":"isBlueAbilityType","decl":{"start":{"line":218,"column":9},"end":{"line":218,"column":27}},"loc":{"start":{"line":218,"column":58},"end":{"line":229,"column":null}},"line":218},"15":{"name":"isRedAbilityType","decl":{"start":{"line":235,"column":16},"end":{"line":235,"column":33}},"loc":{"start":{"line":235,"column":64},"end":{"line":243,"column":null}},"line":235}},"branchMap":{"0":{"loc":{"start":{"line":24,"column":2},"end":{"line":25,"column":null}},"type":"if","locations":[{"start":{"line":24,"column":2},"end":{"line":25,"column":null}},{"start":{},"end":{}}],"line":24},"1":{"loc":{"start":{"line":28,"column":2},"end":{"line":45,"column":null}},"type":"switch","locations":[{"start":{"line":29,"column":4},"end":{"line":30,"column":null}},{"start":{"line":32,"column":4},"end":{"line":33,"column":null}},{"start":{"line":35,"column":4},"end":{"line":36,"column":null}},{"start":{"line":38,"column":4},"end":{"line":39,"column":null}},{"start":{"line":41,"column":4},"end":{"line":42,"column":null}},{"start":{"line":44,"column":4},"end":{"line":45,"column":null}}],"line":28},"2":{"loc":{"start":{"line":55,"column":2},"end":{"line":55,"column":null}},"type":"if","locations":[{"start":{"line":55,"column":2},"end":{"line":55,"column":null}},{"start":{},"end":{}}],"line":55},"3":{"loc":{"start":{"line":59,"column":4},"end":{"line":60,"column":null}},"type":"if","locations":[{"start":{"line":59,"column":4},"end":{"line":60,"column":null}},{"start":{},"end":{}}],"line":59},"4":{"loc":{"start":{"line":74,"column":2},"end":{"line":74,"column":null}},"type":"if","locations":[{"start":{"line":74,"column":2},"end":{"line":74,"column":null}},{"start":{},"end":{}}],"line":74},"5":{"loc":{"start":{"line":77,"column":4},"end":{"line":78,"column":null}},"type":"if","locations":[{"start":{"line":77,"column":4},"end":{"line":78,"column":null}},{"start":{},"end":{}}],"line":77},"6":{"loc":{"start":{"line":77,"column":8},"end":{"line":77,"column":97}},"type":"binary-expr","locations":[{"start":{"line":77,"column":8},"end":{"line":77,"column":29}},{"start":{"line":77,"column":29},"end":{"line":77,"column":61}},{"start":{"line":77,"column":61},"end":{"line":77,"column":97}}],"line":77},"7":{"loc":{"start":{"line":90,"column":2},"end":{"line":90,"column":null}},"type":"if","locations":[{"start":{"line":90,"column":2},"end":{"line":90,"column":null}},{"start":{},"end":{}}],"line":90},"8":{"loc":{"start":{"line":95,"column":2},"end":{"line":96,"column":null}},"type":"if","locations":[{"start":{"line":95,"column":2},"end":{"line":96,"column":null}},{"start":{},"end":{}}],"line":95},"9":{"loc":{"start":{"line":108,"column":56},"end":{"line":108,"column":87}},"type":"default-arg","locations":[{"start":{"line":108,"column":76},"end":{"line":108,"column":87}}],"line":108},"10":{"loc":{"start":{"line":110,"column":2},"end":{"line":110,"column":null}},"type":"if","locations":[{"start":{"line":110,"column":2},"end":{"line":110,"column":null}},{"start":{},"end":{}}],"line":110},"11":{"loc":{"start":{"line":115,"column":2},"end":{"line":116,"column":null}},"type":"if","locations":[{"start":{"line":115,"column":2},"end":{"line":116,"column":null}},{"start":{},"end":{}}],"line":115},"12":{"loc":{"start":{"line":133,"column":21},"end":{"line":133,"column":null}},"type":"cond-expr","locations":[{"start":{"line":133,"column":30},"end":{"line":133,"column":75}},{"start":{"line":133,"column":78},"end":{"line":133,"column":null}}],"line":133},"13":{"loc":{"start":{"line":134,"column":20},"end":{"line":134,"column":null}},"type":"cond-expr","locations":[{"start":{"line":134,"column":29},"end":{"line":134,"column":73}},{"start":{"line":134,"column":76},"end":{"line":134,"column":null}}],"line":134},"14":{"loc":{"start":{"line":151,"column":4},"end":{"line":151,"column":null}},"type":"cond-expr","locations":[{"start":{"line":151,"column":24},"end":{"line":151,"column":67}},{"start":{"line":151,"column":67},"end":{"line":151,"column":null}}],"line":151},"15":{"loc":{"start":{"line":170,"column":4},"end":{"line":170,"column":null}},"type":"cond-expr","locations":[{"start":{"line":170,"column":28},"end":{"line":170,"column":71}},{"start":{"line":170,"column":71},"end":{"line":170,"column":null}}],"line":170}},"s":{"0":9,"1":10,"2":9,"3":0,"4":9,"5":3,"6":3,"7":1,"8":1,"9":1,"10":0,"11":5,"12":5,"13":0,"14":5,"15":5,"16":3,"17":2,"18":3,"19":3,"20":3,"21":0,"22":3,"23":4,"24":3,"25":3,"26":3,"27":3,"28":0,"29":3,"30":3,"31":2,"32":3,"33":2,"34":2,"35":0,"36":2,"37":2,"38":1,"39":2,"40":0,"41":0,"42":3,"43":3,"44":6,"45":3,"46":3,"47":3,"48":3,"49":6,"50":3,"51":1,"52":1,"53":1,"54":3,"55":3,"56":20,"57":20},"f":{"0":9,"1":10,"2":5,"3":3,"4":3,"5":2,"6":0,"7":3,"8":6,"9":3,"10":6,"11":1,"12":1,"13":1,"14":3,"15":20},"b":{"0":[0,9],"1":[3,3,1,1,1,0],"2":[0,5],"3":[3,2],"4":[0,3],"5":[3,1],"6":[4,4,3],"7":[0,3],"8":[2,1],"9":[2],"10":[0,2],"11":[1,1],"12":[0,0],"13":[0,0],"14":[3,3],"15":[3,3]},"meta":{"lastBranch":16,"lastFunction":16,"lastStatement":58,"seen":{"f:18:16:18:Infinity":0,"s:23:30:23:89":0,"f:23:44:23:55":1,"s:23:61:23:89":1,"b:24:2:25:Infinity:undefined:undefined:undefined:undefined":0,"s:24:2:25:Infinity":2,"s:25:4:25:Infinity":3,"b:29:4:30:Infinity:32:4:33:Infinity:35:4:36:Infinity:38:4:39:Infinity:41:4:42:Infinity:44:4:45:Infinity":1,"s:28:2:45:Infinity":4,"s:30:6:30:Infinity":5,"s:33:6:33:Infinity":6,"s:36:6:36:Infinity":7,"s:39:6:39:Infinity":8,"s:42:6:42:Infinity":9,"s:45:6:45:Infinity":10,"f:53:16:53:36":2,"s:54:17:54:Infinity":11,"b:55:2:55:Infinity:undefined:undefined:undefined:undefined":2,"s:55:2:55:Infinity":12,"s:55:15:55:Infinity":13,"s:58:2:60:Infinity":14,"b:59:4:60:Infinity:undefined:undefined:undefined:undefined":3,"s:59:4:60:Infinity":15,"s:60:6:60:Infinity":16,"s:64:2:64:Infinity":17,"f:70:16:70:39":3,"s:71:17:71:Infinity":18,"s:72:20:72:42":19,"b:74:2:74:Infinity:undefined:undefined:undefined:undefined":4,"s:74:2:74:Infinity":20,"s:74:15:74:Infinity":21,"s:76:2:78:Infinity":22,"b:77:4:78:Infinity:undefined:undefined:undefined:undefined":5,"s:77:4:78:Infinity":23,"b:77:8:77:29:77:29:77:61:77:61:77:97":6,"s:78:6:78:Infinity":24,"s:82:2:82:Infinity":25,"f:88:16:88:39":4,"s:89:17:89:Infinity":26,"b:90:2:90:Infinity:undefined:undefined:undefined:undefined":7,"s:90:2:90:Infinity":27,"s:90:15:90:Infinity":28,"s:92:17:92:Infinity":29,"b:95:2:96:Infinity:undefined:undefined:undefined:undefined":8,"s:95:2:96:Infinity":30,"s:96:4:96:Infinity":31,"s:102:2:102:Infinity":32,"f:108:16:108:37":5,"b:108:76:108:87":9,"s:109:17:109:Infinity":33,"b:110:2:110:Infinity:undefined:undefined:undefined:undefined":10,"s:110:2:110:Infinity":34,"s:110:15:110:Infinity":35,"s:112:17:112:Infinity":36,"b:115:2:116:Infinity:undefined:undefined:undefined:undefined":11,"s:115:2:116:Infinity":37,"s:116:4:116:Infinity":38,"s:119:2:119:Infinity":39,"f:126:16:126:39":6,"s:130:17:130:Infinity":40,"s:132:2:135:Infinity":41,"b:133:30:133:75:133:78:133:Infinity":12,"b:134:29:134:73:134:76:134:Infinity":13,"f:145:9:145:Infinity":7,"s:149:19:149:31":42,"s:150:2:152:Infinity":43,"f:150:38:150:43":8,"s:151:4:151:Infinity":44,"b:151:24:151:67:151:67:151:Infinity":14,"s:154:2:154:Infinity":45,"f:160:9:160:Infinity":9,"s:164:19:164:31":46,"s:165:8:165:Infinity":47,"s:169:2:171:Infinity":48,"f:169:38:169:43":10,"s:170:4:170:Infinity":49,"b:170:28:170:71:170:71:170:Infinity":15,"s:173:2:173:Infinity":50,"f:180:9:180:Infinity":11,"s:186:2:186:Infinity":51,"f:193:9:193:Infinity":12,"s:199:2:199:Infinity":52,"f:206:9:206:Infinity":13,"s:212:2:212:Infinity":53,"f:218:9:218:27":14,"s:219:24:228:Infinity":54,"s:229:2:229:Infinity":55,"f:235:16:235:33":15,"s:236:23:242:Infinity":56,"s:243:2:243:Infinity":57}}}
,"/Users/ulrich.frank/Dev/private/molthar/game-web/src/game/engine/costValidator.ts": {"path":"/Users/ulrich.frank/Dev/private/molthar/game-web/src/game/engine/costValidator.ts","statementMap":{"0":{"start":{"line":25,"column":2},"end":{"line":26,"column":null}},"1":{"start":{"line":26,"column":4},"end":{"line":26,"column":null}},"2":{"start":{"line":29,"column":22},"end":{"line":29,"column":110}},"3":{"start":{"line":29,"column":44},"end":{"line":29,"column":110}},"4":{"start":{"line":31,"column":2},"end":{"line":57,"column":null}},"5":{"start":{"line":33,"column":6},"end":{"line":33,"column":null}},"6":{"start":{"line":36,"column":6},"end":{"line":36,"column":null}},"7":{"start":{"line":39,"column":6},"end":{"line":39,"column":null}},"8":{"start":{"line":42,"column":6},"end":{"line":42,"column":null}},"9":{"start":{"line":45,"column":6},"end":{"line":45,"column":null}},"10":{"start":{"line":48,"column":6},"end":{"line":48,"column":null}},"11":{"start":{"line":51,"column":6},"end":{"line":51,"column":null}},"12":{"start":{"line":54,"column":6},"end":{"line":54,"column":null}},"13":{"start":{"line":57,"column":6},"end":{"line":57,"column":null}},"14":{"start":{"line":71,"column":2},"end":{"line":72,"column":null}},"15":{"start":{"line":72,"column":4},"end":{"line":72,"column":null}},"16":{"start":{"line":76,"column":2},"end":{"line":77,"column":null}},"17":{"start":{"line":77,"column":4},"end":{"line":77,"column":null}},"18":{"start":{"line":81,"column":2},"end":{"line":82,"column":null}},"19":{"start":{"line":82,"column":4},"end":{"line":82,"column":null}},"20":{"start":{"line":86,"column":2},"end":{"line":86,"column":null}},"21":{"start":{"line":98,"column":25},"end":{"line":98,"column":64}},"22":{"start":{"line":101,"column":18},"end":{"line":101,"column":63}},"23":{"start":{"line":103,"column":2},"end":{"line":104,"column":null}},"24":{"start":{"line":104,"column":4},"end":{"line":104,"column":null}},"25":{"start":{"line":108,"column":21},"end":{"line":108,"column":76}},"26":{"start":{"line":108,"column":47},"end":{"line":108,"column":76}},"27":{"start":{"line":109,"column":2},"end":{"line":109,"column":null}},"28":{"start":{"line":109,"column":62},"end":{"line":109,"column":73}},"29":{"start":{"line":119,"column":22},"end":{"line":119,"column":49}},"30":{"start":{"line":122,"column":2},"end":{"line":126,"column":null}},"31":{"start":{"line":123,"column":4},"end":{"line":124,"column":null}},"32":{"start":{"line":124,"column":6},"end":{"line":124,"column":null}},"33":{"start":{"line":126,"column":4},"end":{"line":126,"column":null}},"34":{"start":{"line":130,"column":2},"end":{"line":132,"column":null}},"35":{"start":{"line":131,"column":4},"end":{"line":132,"column":null}},"36":{"start":{"line":132,"column":6},"end":{"line":132,"column":null}},"37":{"start":{"line":136,"column":2},"end":{"line":136,"column":null}},"38":{"start":{"line":148,"column":25},"end":{"line":148,"column":62}},"39":{"start":{"line":150,"column":18},"end":{"line":150,"column":63}},"40":{"start":{"line":152,"column":2},"end":{"line":153,"column":null}},"41":{"start":{"line":153,"column":4},"end":{"line":153,"column":null}},"42":{"start":{"line":156,"column":21},"end":{"line":156,"column":76}},"43":{"start":{"line":156,"column":47},"end":{"line":156,"column":76}},"44":{"start":{"line":157,"column":2},"end":{"line":157,"column":null}},"45":{"start":{"line":157,"column":62},"end":{"line":157,"column":73}},"46":{"start":{"line":170,"column":22},"end":{"line":170,"column":53}},"47":{"start":{"line":171,"column":22},"end":{"line":171,"column":53}},"48":{"start":{"line":174,"column":2},"end":{"line":178,"column":null}},"49":{"start":{"line":174,"column":23},"end":{"line":174,"column":36}},"50":{"start":{"line":175,"column":20},"end":{"line":175,"column":60}},"51":{"start":{"line":176,"column":4},"end":{"line":178,"column":null}},"52":{"start":{"line":177,"column":25},"end":{"line":177,"column":80}},"53":{"start":{"line":177,"column":51},"end":{"line":177,"column":80}},"54":{"start":{"line":178,"column":6},"end":{"line":178,"column":null}},"55":{"start":{"line":178,"column":66},"end":{"line":178,"column":77}},"56":{"start":{"line":182,"column":2},"end":{"line":182,"column":null}},"57":{"start":{"line":192,"column":26},"end":{"line":192,"column":68}},"58":{"start":{"line":192,"column":58},"end":{"line":192,"column":67}},"59":{"start":{"line":195,"column":2},"end":{"line":216,"column":null}},"60":{"start":{"line":195,"column":19},"end":{"line":195,"column":22}},"61":{"start":{"line":196,"column":35},"end":{"line":196,"column":37}},"62":{"start":{"line":197,"column":4},"end":{"line":202,"column":null}},"63":{"start":{"line":197,"column":17},"end":{"line":197,"column":20}},"64":{"start":{"line":198,"column":18},"end":{"line":198,"column":null}},"65":{"start":{"line":199,"column":6},"end":{"line":200,"column":null}},"66":{"start":{"line":200,"column":8},"end":{"line":200,"column":null}},"67":{"start":{"line":202,"column":6},"end":{"line":202,"column":null}},"68":{"start":{"line":205,"column":4},"end":{"line":216,"column":null}},"69":{"start":{"line":207,"column":36},"end":{"line":207,"column":38}},"70":{"start":{"line":208,"column":6},"end":{"line":211,"column":null}},"71":{"start":{"line":209,"column":20},"end":{"line":209,"column":108}},"72":{"start":{"line":209,"column":50},"end":{"line":209,"column":107}},"73":{"start":{"line":210,"column":8},"end":{"line":211,"column":null}},"74":{"start":{"line":211,"column":10},"end":{"line":211,"column":null}},"75":{"start":{"line":215,"column":6},"end":{"line":216,"column":null}},"76":{"start":{"line":216,"column":8},"end":{"line":216,"column":null}},"77":{"start":{"line":221,"column":2},"end":{"line":221,"column":null}},"78":{"start":{"line":231,"column":20},"end":{"line":231,"column":66}},"79":{"start":{"line":231,"column":47},"end":{"line":231,"column":66}},"80":{"start":{"line":233,"column":2},"end":{"line":234,"column":null}},"81":{"start":{"line":234,"column":4},"end":{"line":234,"column":null}},"82":{"start":{"line":237,"column":2},"end":{"line":237,"column":null}},"83":{"start":{"line":237,"column":77},"end":{"line":237,"column":88}},"84":{"start":{"line":247,"column":19},"end":{"line":247,"column":65}},"85":{"start":{"line":247,"column":46},"end":{"line":247,"column":65}},"86":{"start":{"line":249,"column":2},"end":{"line":250,"column":null}},"87":{"start":{"line":250,"column":4},"end":{"line":250,"column":null}},"88":{"start":{"line":253,"column":2},"end":{"line":253,"column":null}},"89":{"start":{"line":253,"column":76},"end":{"line":253,"column":87}},"90":{"start":{"line":265,"column":20},"end":{"line":265,"column":65}},"91":{"start":{"line":265,"column":47},"end":{"line":265,"column":65}},"92":{"start":{"line":266,"column":2},"end":{"line":267,"column":null}},"93":{"start":{"line":267,"column":4},"end":{"line":267,"column":null}},"94":{"start":{"line":271,"column":20},"end":{"line":271,"column":65}},"95":{"start":{"line":271,"column":47},"end":{"line":271,"column":65}},"96":{"start":{"line":272,"column":2},"end":{"line":273,"column":null}},"97":{"start":{"line":273,"column":4},"end":{"line":273,"column":null}},"98":{"start":{"line":276,"column":2},"end":{"line":276,"column":null}},"99":{"start":{"line":287,"column":2},"end":{"line":288,"column":null}},"100":{"start":{"line":288,"column":4},"end":{"line":288,"column":null}},"101":{"start":{"line":291,"column":2},"end":{"line":292,"column":null}},"102":{"start":{"line":292,"column":4},"end":{"line":292,"column":null}},"103":{"start":{"line":295,"column":56},"end":{"line":295,"column":58}},"104":{"start":{"line":298,"column":4},"end":{"line":300,"column":null}},"105":{"start":{"line":299,"column":6},"end":{"line":299,"column":null}},"106":{"start":{"line":300,"column":6},"end":{"line":300,"column":null}},"107":{"start":{"line":303,"column":4},"end":{"line":304,"column":null}},"108":{"start":{"line":304,"column":6},"end":{"line":304,"column":null}},"109":{"start":{"line":307,"column":4},"end":{"line":310,"column":null}},"110":{"start":{"line":307,"column":17},"end":{"line":307,"column":24}},"111":{"start":{"line":308,"column":6},"end":{"line":308,"column":null}},"112":{"start":{"line":309,"column":6},"end":{"line":309,"column":null}},"113":{"start":{"line":310,"column":6},"end":{"line":310,"column":null}},"114":{"start":{"line":314,"column":2},"end":{"line":314,"column":null}},"115":{"start":{"line":315,"column":2},"end":{"line":315,"column":null}},"116":{"start":{"line":330,"column":26},"end":{"line":330,"column":37}},"117":{"start":{"line":331,"column":35},"end":{"line":331,"column":37}},"118":{"start":{"line":333,"column":2},"end":{"line":347,"column":null}},"119":{"start":{"line":334,"column":19},"end":{"line":334,"column":100}},"120":{"start":{"line":336,"column":4},"end":{"line":337,"column":null}},"121":{"start":{"line":337,"column":6},"end":{"line":337,"column":null}},"122":{"start":{"line":340,"column":4},"end":{"line":347,"column":null}},"123":{"start":{"line":342,"column":41},"end":{"line":342,"column":43}},"124":{"start":{"line":343,"column":6},"end":{"line":345,"column":null}},"125":{"start":{"line":343,"column":19},"end":{"line":343,"column":50}},"126":{"start":{"line":344,"column":8},"end":{"line":344,"column":null}},"127":{"start":{"line":345,"column":8},"end":{"line":345,"column":null}},"128":{"start":{"line":347,"column":6},"end":{"line":347,"column":null}},"129":{"start":{"line":351,"column":2},"end":{"line":351,"column":null}},"130":{"start":{"line":360,"column":2},"end":{"line":361,"column":null}},"131":{"start":{"line":361,"column":4},"end":{"line":361,"column":null}},"132":{"start":{"line":367,"column":2},"end":{"line":367,"column":null}}},"fnMap":{"0":{"name":"validateCostComponent","decl":{"start":{"line":18,"column":16},"end":{"line":18,"column":null}},"loc":{"start":{"line":23,"column":20},"end":{"line":57,"column":null}},"line":23},"1":{"name":"(anonymous_1)","decl":{"start":{"line":29,"column":29},"end":{"line":29,"column":34}},"loc":{"start":{"line":29,"column":44},"end":{"line":29,"column":110}},"line":29},"2":{"name":"validateCharacterCost","decl":{"start":{"line":65,"column":16},"end":{"line":65,"column":null}},"loc":{"start":{"line":70,"column":20},"end":{"line":86,"column":null}},"line":70},"3":{"name":"validateFixedSum","decl":{"start":{"line":93,"column":9},"end":{"line":93,"column":null}},"loc":{"start":{"line":97,"column":20},"end":{"line":109,"column":null}},"line":97},"4":{"name":"(anonymous_4)","decl":{"start":{"line":108,"column":29},"end":{"line":108,"column":37}},"loc":{"start":{"line":108,"column":47},"end":{"line":108,"column":76}},"line":108},"5":{"name":"(anonymous_5)","decl":{"start":{"line":109,"column":50},"end":{"line":109,"column":55}},"loc":{"start":{"line":109,"column":62},"end":{"line":109,"column":73}},"line":109},"6":{"name":"validateIdenticalTuple","decl":{"start":{"line":115,"column":9},"end":{"line":115,"column":null}},"loc":{"start":{"line":118,"column":20},"end":{"line":136,"column":null}},"line":118},"7":{"name":"validateSumAny","decl":{"start":{"line":143,"column":9},"end":{"line":143,"column":null}},"loc":{"start":{"line":147,"column":20},"end":{"line":157,"column":null}},"line":147},"8":{"name":"(anonymous_8)","decl":{"start":{"line":156,"column":29},"end":{"line":156,"column":37}},"loc":{"start":{"line":156,"column":47},"end":{"line":156,"column":76}},"line":156},"9":{"name":"(anonymous_9)","decl":{"start":{"line":157,"column":50},"end":{"line":157,"column":55}},"loc":{"start":{"line":157,"column":62},"end":{"line":157,"column":73}},"line":157},"10":{"name":"validateSumRange","decl":{"start":{"line":164,"column":9},"end":{"line":164,"column":null}},"loc":{"start":{"line":169,"column":20},"end":{"line":182,"column":null}},"line":169},"11":{"name":"(anonymous_11)","decl":{"start":{"line":177,"column":33},"end":{"line":177,"column":41}},"loc":{"start":{"line":177,"column":51},"end":{"line":177,"column":80}},"line":177},"12":{"name":"(anonymous_12)","decl":{"start":{"line":178,"column":54},"end":{"line":178,"column":59}},"loc":{"start":{"line":178,"column":66},"end":{"line":178,"column":77}},"line":178},"13":{"name":"validateRun","decl":{"start":{"line":188,"column":9},"end":{"line":188,"column":null}},"loc":{"start":{"line":191,"column":20},"end":{"line":221,"column":null}},"line":191},"14":{"name":"(anonymous_14)","decl":{"start":{"line":192,"column":46},"end":{"line":192,"column":51}},"loc":{"start":{"line":192,"column":58},"end":{"line":192,"column":67}},"line":192},"15":{"name":"(anonymous_15)","decl":{"start":{"line":209,"column":32},"end":{"line":209,"column":43}},"loc":{"start":{"line":209,"column":50},"end":{"line":209,"column":107}},"line":209},"16":{"name":"validateEvenTuple","decl":{"start":{"line":227,"column":9},"end":{"line":227,"column":null}},"loc":{"start":{"line":230,"column":20},"end":{"line":237,"column":null}},"line":230},"17":{"name":"(anonymous_17)","decl":{"start":{"line":231,"column":32},"end":{"line":231,"column":40}},"loc":{"start":{"line":231,"column":47},"end":{"line":231,"column":66}},"line":231},"18":{"name":"(anonymous_18)","decl":{"start":{"line":237,"column":65},"end":{"line":237,"column":70}},"loc":{"start":{"line":237,"column":77},"end":{"line":237,"column":88}},"line":237},"19":{"name":"validateOddTuple","decl":{"start":{"line":243,"column":9},"end":{"line":243,"column":null}},"loc":{"start":{"line":246,"column":20},"end":{"line":253,"column":null}},"line":246},"20":{"name":"(anonymous_20)","decl":{"start":{"line":247,"column":31},"end":{"line":247,"column":39}},"loc":{"start":{"line":247,"column":46},"end":{"line":247,"column":65}},"line":247},"21":{"name":"(anonymous_21)","decl":{"start":{"line":253,"column":64},"end":{"line":253,"column":69}},"loc":{"start":{"line":253,"column":76},"end":{"line":253,"column":87}},"line":253},"22":{"name":"validateDrillingChoice","decl":{"start":{"line":259,"column":9},"end":{"line":259,"column":null}},"loc":{"start":{"line":263,"column":20},"end":{"line":276,"column":null}},"line":263},"23":{"name":"(anonymous_23)","decl":{"start":{"line":265,"column":32},"end":{"line":265,"column":40}},"loc":{"start":{"line":265,"column":47},"end":{"line":265,"column":65}},"line":265},"24":{"name":"(anonymous_24)","decl":{"start":{"line":271,"column":32},"end":{"line":271,"column":40}},"loc":{"start":{"line":271,"column":47},"end":{"line":271,"column":65}},"line":271},"25":{"name":"findSubsetsBySum","decl":{"start":{"line":283,"column":9},"end":{"line":283,"column":null}},"loc":{"start":{"line":286,"column":40},"end":{"line":315,"column":null}},"line":286},"26":{"name":"backtrack","decl":{"start":{"line":297,"column":11},"end":{"line":297,"column":21}},"loc":{"start":{"line":297,"column":100},"end":{"line":310,"column":null}},"line":297},"27":{"name":"validateMultipleCosts","decl":{"start":{"line":322,"column":9},"end":{"line":322,"column":null}},"loc":{"start":{"line":327,"column":20},"end":{"line":351,"column":null}},"line":327},"28":{"name":"adjustPearlValue","decl":{"start":{"line":359,"column":9},"end":{"line":359,"column":26}},"loc":{"start":{"line":359,"column":85},"end":{"line":367,"column":null}},"line":359}},"branchMap":{"0":{"loc":{"start":{"line":21,"column":2},"end":{"line":21,"column":null}},"type":"default-arg","locations":[{"start":{"line":21,"column":25},"end":{"line":21,"column":null}}],"line":21},"1":{"loc":{"start":{"line":22,"column":2},"end":{"line":22,"column":43}},"type":"default-arg","locations":[{"start":{"line":22,"column":34},"end":{"line":22,"column":43}}],"line":22},"2":{"loc":{"start":{"line":25,"column":2},"end":{"line":26,"column":null}},"type":"if","locations":[{"start":{"line":25,"column":2},"end":{"line":26,"column":null}},{"start":{},"end":{}}],"line":25},"3":{"loc":{"start":{"line":31,"column":2},"end":{"line":57,"column":null}},"type":"switch","locations":[{"start":{"line":32,"column":4},"end":{"line":33,"column":null}},{"start":{"line":35,"column":4},"end":{"line":36,"column":null}},{"start":{"line":38,"column":4},"end":{"line":39,"column":null}},{"start":{"line":41,"column":4},"end":{"line":42,"column":null}},{"start":{"line":44,"column":4},"end":{"line":45,"column":null}},{"start":{"line":47,"column":4},"end":{"line":48,"column":null}},{"start":{"line":50,"column":4},"end":{"line":51,"column":null}},{"start":{"line":53,"column":4},"end":{"line":54,"column":null}},{"start":{"line":56,"column":4},"end":{"line":57,"column":null}}],"line":31},"4":{"loc":{"start":{"line":68,"column":2},"end":{"line":68,"column":null}},"type":"default-arg","locations":[{"start":{"line":68,"column":25},"end":{"line":68,"column":null}}],"line":68},"5":{"loc":{"start":{"line":69,"column":2},"end":{"line":69,"column":43}},"type":"default-arg","locations":[{"start":{"line":69,"column":34},"end":{"line":69,"column":43}}],"line":69},"6":{"loc":{"start":{"line":71,"column":2},"end":{"line":72,"column":null}},"type":"if","locations":[{"start":{"line":71,"column":2},"end":{"line":72,"column":null}},{"start":{},"end":{}}],"line":71},"7":{"loc":{"start":{"line":76,"column":2},"end":{"line":77,"column":null}},"type":"if","locations":[{"start":{"line":76,"column":2},"end":{"line":77,"column":null}},{"start":{},"end":{}}],"line":76},"8":{"loc":{"start":{"line":76,"column":6},"end":{"line":76,"column":72}},"type":"binary-expr","locations":[{"start":{"line":76,"column":6},"end":{"line":76,"column":37}},{"start":{"line":76,"column":37},"end":{"line":76,"column":72}}],"line":76},"9":{"loc":{"start":{"line":81,"column":2},"end":{"line":82,"column":null}},"type":"if","locations":[{"start":{"line":81,"column":2},"end":{"line":82,"column":null}},{"start":{},"end":{}}],"line":81},"10":{"loc":{"start":{"line":96,"column":2},"end":{"line":96,"column":null}},"type":"default-arg","locations":[{"start":{"line":96,"column":25},"end":{"line":96,"column":null}}],"line":96},"11":{"loc":{"start":{"line":103,"column":2},"end":{"line":104,"column":null}},"type":"if","locations":[{"start":{"line":103,"column":2},"end":{"line":104,"column":null}},{"start":{},"end":{}}],"line":103},"12":{"loc":{"start":{"line":108,"column":47},"end":{"line":108,"column":76}},"type":"cond-expr","locations":[{"start":{"line":108,"column":69},"end":{"line":108,"column":73}},{"start":{"line":108,"column":73},"end":{"line":108,"column":76}}],"line":108},"13":{"loc":{"start":{"line":123,"column":4},"end":{"line":124,"column":null}},"type":"if","locations":[{"start":{"line":123,"column":4},"end":{"line":124,"column":null}},{"start":{},"end":{}}],"line":123},"14":{"loc":{"start":{"line":131,"column":4},"end":{"line":132,"column":null}},"type":"if","locations":[{"start":{"line":131,"column":4},"end":{"line":132,"column":null}},{"start":{},"end":{}}],"line":131},"15":{"loc":{"start":{"line":146,"column":2},"end":{"line":146,"column":null}},"type":"default-arg","locations":[{"start":{"line":146,"column":25},"end":{"line":146,"column":null}}],"line":146},"16":{"loc":{"start":{"line":152,"column":2},"end":{"line":153,"column":null}},"type":"if","locations":[{"start":{"line":152,"column":2},"end":{"line":153,"column":null}},{"start":{},"end":{}}],"line":152},"17":{"loc":{"start":{"line":156,"column":47},"end":{"line":156,"column":76}},"type":"cond-expr","locations":[{"start":{"line":156,"column":69},"end":{"line":156,"column":73}},{"start":{"line":156,"column":73},"end":{"line":156,"column":76}}],"line":156},"18":{"loc":{"start":{"line":168,"column":2},"end":{"line":168,"column":null}},"type":"default-arg","locations":[{"start":{"line":168,"column":25},"end":{"line":168,"column":null}}],"line":168},"19":{"loc":{"start":{"line":176,"column":4},"end":{"line":178,"column":null}},"type":"if","locations":[{"start":{"line":176,"column":4},"end":{"line":178,"column":null}},{"start":{},"end":{}}],"line":176},"20":{"loc":{"start":{"line":177,"column":51},"end":{"line":177,"column":80}},"type":"cond-expr","locations":[{"start":{"line":177,"column":73},"end":{"line":177,"column":77}},{"start":{"line":177,"column":77},"end":{"line":177,"column":80}}],"line":177},"21":{"loc":{"start":{"line":199,"column":6},"end":{"line":200,"column":null}},"type":"if","locations":[{"start":{"line":199,"column":6},"end":{"line":200,"column":null}},{"start":{},"end":{}}],"line":199},"22":{"loc":{"start":{"line":199,"column":10},"end":{"line":199,"column":46}},"type":"binary-expr","locations":[{"start":{"line":199,"column":10},"end":{"line":199,"column":21}},{"start":{"line":199,"column":21},"end":{"line":199,"column":46}}],"line":199},"23":{"loc":{"start":{"line":205,"column":4},"end":{"line":216,"column":null}},"type":"if","locations":[{"start":{"line":205,"column":4},"end":{"line":216,"column":null}},{"start":{},"end":{}}],"line":205},"24":{"loc":{"start":{"line":209,"column":50},"end":{"line":209,"column":107}},"type":"binary-expr","locations":[{"start":{"line":209,"column":50},"end":{"line":209,"column":76}},{"start":{"line":209,"column":76},"end":{"line":209,"column":107}}],"line":209},"25":{"loc":{"start":{"line":210,"column":8},"end":{"line":211,"column":null}},"type":"if","locations":[{"start":{"line":210,"column":8},"end":{"line":211,"column":null}},{"start":{},"end":{}}],"line":210},"26":{"loc":{"start":{"line":215,"column":6},"end":{"line":216,"column":null}},"type":"if","locations":[{"start":{"line":215,"column":6},"end":{"line":216,"column":null}},{"start":{},"end":{}}],"line":215},"27":{"loc":{"start":{"line":233,"column":2},"end":{"line":234,"column":null}},"type":"if","locations":[{"start":{"line":233,"column":2},"end":{"line":234,"column":null}},{"start":{},"end":{}}],"line":233},"28":{"loc":{"start":{"line":249,"column":2},"end":{"line":250,"column":null}},"type":"if","locations":[{"start":{"line":249,"column":2},"end":{"line":250,"column":null}},{"start":{},"end":{}}],"line":249},"29":{"loc":{"start":{"line":266,"column":2},"end":{"line":267,"column":null}},"type":"if","locations":[{"start":{"line":266,"column":2},"end":{"line":267,"column":null}},{"start":{},"end":{}}],"line":266},"30":{"loc":{"start":{"line":272,"column":2},"end":{"line":273,"column":null}},"type":"if","locations":[{"start":{"line":272,"column":2},"end":{"line":273,"column":null}},{"start":{},"end":{}}],"line":272},"31":{"loc":{"start":{"line":287,"column":2},"end":{"line":288,"column":null}},"type":"if","locations":[{"start":{"line":287,"column":2},"end":{"line":288,"column":null}},{"start":{},"end":{}}],"line":287},"32":{"loc":{"start":{"line":291,"column":2},"end":{"line":292,"column":null}},"type":"if","locations":[{"start":{"line":291,"column":2},"end":{"line":292,"column":null}},{"start":{},"end":{}}],"line":291},"33":{"loc":{"start":{"line":291,"column":6},"end":{"line":291,"column":49}},"type":"binary-expr","locations":[{"start":{"line":291,"column":6},"end":{"line":291,"column":34}},{"start":{"line":291,"column":34},"end":{"line":291,"column":49}}],"line":291},"34":{"loc":{"start":{"line":298,"column":4},"end":{"line":300,"column":null}},"type":"if","locations":[{"start":{"line":298,"column":4},"end":{"line":300,"column":null}},{"start":{},"end":{}}],"line":298},"35":{"loc":{"start":{"line":303,"column":4},"end":{"line":304,"column":null}},"type":"if","locations":[{"start":{"line":303,"column":4},"end":{"line":304,"column":null}},{"start":{},"end":{}}],"line":303},"36":{"loc":{"start":{"line":325,"column":2},"end":{"line":325,"column":null}},"type":"default-arg","locations":[{"start":{"line":325,"column":25},"end":{"line":325,"column":null}}],"line":325},"37":{"loc":{"start":{"line":326,"column":2},"end":{"line":326,"column":43}},"type":"default-arg","locations":[{"start":{"line":326,"column":34},"end":{"line":326,"column":43}}],"line":326},"38":{"loc":{"start":{"line":336,"column":4},"end":{"line":337,"column":null}},"type":"if","locations":[{"start":{"line":336,"column":4},"end":{"line":337,"column":null}},{"start":{},"end":{}}],"line":336},"39":{"loc":{"start":{"line":340,"column":4},"end":{"line":347,"column":null}},"type":"if","locations":[{"start":{"line":340,"column":4},"end":{"line":347,"column":null}},{"start":{},"end":{}}],"line":340},"40":{"loc":{"start":{"line":360,"column":2},"end":{"line":361,"column":null}},"type":"if","locations":[{"start":{"line":360,"column":2},"end":{"line":361,"column":null}},{"start":{},"end":{}}],"line":360},"41":{"loc":{"start":{"line":360,"column":6},"end":{"line":360,"column":67}},"type":"binary-expr","locations":[{"start":{"line":360,"column":6},"end":{"line":360,"column":45}},{"start":{"line":360,"column":49},"end":{"line":360,"column":67}}],"line":360}},"s":{"0":28,"1":1,"2":27,"3":85,"4":27,"5":7,"6":4,"7":2,"8":3,"9":4,"10":2,"11":2,"12":3,"13":0,"14":4,"15":1,"16":3,"17":0,"18":3,"19":1,"20":2,"21":7,"22":7,"23":7,"24":2,"25":5,"26":1,"27":5,"28":12,"29":4,"30":4,"31":13,"32":11,"33":13,"34":4,"35":8,"36":3,"37":1,"38":2,"39":2,"40":2,"41":0,"42":2,"43":1,"44":2,"45":5,"46":3,"47":3,"48":3,"49":3,"50":13,"51":13,"52":1,"53":0,"54":1,"55":3,"56":12,"57":4,"58":12,"59":4,"60":4,"61":16,"62":16,"63":16,"64":24,"65":24,"66":13,"67":11,"68":16,"69":3,"70":3,"71":7,"72":13,"73":7,"74":7,"75":3,"76":3,"77":13,"78":2,"79":9,"80":2,"81":1,"82":1,"83":3,"84":2,"85":9,"86":2,"87":1,"88":1,"89":3,"90":3,"91":9,"92":3,"93":1,"94":2,"95":6,"96":2,"97":1,"98":1,"99":22,"100":0,"101":22,"102":0,"103":22,"104":128,"105":10,"106":10,"107":118,"108":13,"109":105,"110":105,"111":106,"112":106,"113":106,"114":22,"115":22,"116":2,"117":2,"118":2,"119":3,"120":3,"121":1,"122":2,"123":2,"124":2,"125":2,"126":4,"127":4,"128":2,"129":1,"130":85,"131":0,"132":85},"f":{"0":28,"1":85,"2":4,"3":7,"4":1,"5":12,"6":4,"7":2,"8":1,"9":5,"10":3,"11":0,"12":3,"13":4,"14":12,"15":13,"16":2,"17":9,"18":3,"19":2,"20":9,"21":3,"22":3,"23":9,"24":6,"25":22,"26":128,"27":2,"28":85},"b":{"0":[28],"1":[28],"2":[1,27],"3":[7,4,2,3,4,2,2,3,0],"4":[4],"5":[4],"6":[1,3],"7":[0,3],"8":[3,1],"9":[1,2],"10":[7],"11":[2,5],"12":[0,1],"13":[11,2],"14":[3,5],"15":[2],"16":[0,2],"17":[0,1],"18":[3],"19":[1,12],"20":[0,0],"21":[13,11],"22":[24,24],"23":[3,13],"24":[13,7],"25":[7,0],"26":[3,0],"27":[1,1],"28":[1,1],"29":[1,2],"30":[1,1],"31":[0,22],"32":[0,22],"33":[22,22],"34":[10,118],"35":[13,105],"36":[2],"37":[2],"38":[1,2],"39":[2,0],"40":[0,85],"41":[85,0]},"meta":{"lastBranch":42,"lastFunction":29,"lastStatement":133,"seen":{"f:18:16:18:Infinity":0,"b:21:25:21:Infinity":0,"b:22:34:22:43":1,"b:25:2:26:Infinity:undefined:undefined:undefined:undefined":2,"s:25:2:26:Infinity":0,"s:26:4:26:Infinity":1,"s:29:22:29:110":2,"f:29:29:29:34":1,"s:29:44:29:110":3,"b:32:4:33:Infinity:35:4:36:Infinity:38:4:39:Infinity:41:4:42:Infinity:44:4:45:Infinity:47:4:48:Infinity:50:4:51:Infinity:53:4:54:Infinity:56:4:57:Infinity":3,"s:31:2:57:Infinity":4,"s:33:6:33:Infinity":5,"s:36:6:36:Infinity":6,"s:39:6:39:Infinity":7,"s:42:6:42:Infinity":8,"s:45:6:45:Infinity":9,"s:48:6:48:Infinity":10,"s:51:6:51:Infinity":11,"s:54:6:54:Infinity":12,"s:57:6:57:Infinity":13,"f:65:16:65:Infinity":2,"b:68:25:68:Infinity":4,"b:69:34:69:43":5,"b:71:2:72:Infinity:undefined:undefined:undefined:undefined":6,"s:71:2:72:Infinity":14,"s:72:4:72:Infinity":15,"b:76:2:77:Infinity:undefined:undefined:undefined:undefined":7,"s:76:2:77:Infinity":16,"b:76:6:76:37:76:37:76:72":8,"s:77:4:77:Infinity":17,"b:81:2:82:Infinity:undefined:undefined:undefined:undefined":9,"s:81:2:82:Infinity":18,"s:82:4:82:Infinity":19,"s:86:2:86:Infinity":20,"f:93:9:93:Infinity":3,"b:96:25:96:Infinity":10,"s:98:25:98:64":21,"s:101:18:101:63":22,"b:103:2:104:Infinity:undefined:undefined:undefined:undefined":11,"s:103:2:104:Infinity":23,"s:104:4:104:Infinity":24,"s:108:21:108:76":25,"f:108:29:108:37":4,"s:108:47:108:76":26,"b:108:69:108:73:108:73:108:76":12,"s:109:2:109:Infinity":27,"f:109:50:109:55":5,"s:109:62:109:73":28,"f:115:9:115:Infinity":6,"s:119:22:119:49":29,"s:122:2:126:Infinity":30,"b:123:4:124:Infinity:undefined:undefined:undefined:undefined":13,"s:123:4:124:Infinity":31,"s:124:6:124:Infinity":32,"s:126:4:126:Infinity":33,"s:130:2:132:Infinity":34,"b:131:4:132:Infinity:undefined:undefined:undefined:undefined":14,"s:131:4:132:Infinity":35,"s:132:6:132:Infinity":36,"s:136:2:136:Infinity":37,"f:143:9:143:Infinity":7,"b:146:25:146:Infinity":15,"s:148:25:148:62":38,"s:150:18:150:63":39,"b:152:2:153:Infinity:undefined:undefined:undefined:undefined":16,"s:152:2:153:Infinity":40,"s:153:4:153:Infinity":41,"s:156:21:156:76":42,"f:156:29:156:37":8,"s:156:47:156:76":43,"b:156:69:156:73:156:73:156:76":17,"s:157:2:157:Infinity":44,"f:157:50:157:55":9,"s:157:62:157:73":45,"f:164:9:164:Infinity":10,"b:168:25:168:Infinity":18,"s:170:22:170:53":46,"s:171:22:171:53":47,"s:174:2:178:Infinity":48,"s:174:23:174:36":49,"s:175:20:175:60":50,"b:176:4:178:Infinity:undefined:undefined:undefined:undefined":19,"s:176:4:178:Infinity":51,"s:177:25:177:80":52,"f:177:33:177:41":11,"s:177:51:177:80":53,"b:177:73:177:77:177:77:177:80":20,"s:178:6:178:Infinity":54,"f:178:54:178:59":12,"s:178:66:178:77":55,"s:182:2:182:Infinity":56,"f:188:9:188:Infinity":13,"s:192:26:192:68":57,"f:192:46:192:51":14,"s:192:58:192:67":58,"s:195:2:216:Infinity":59,"s:195:19:195:22":60,"s:196:35:196:37":61,"s:197:4:202:Infinity":62,"s:197:17:197:20":63,"s:198:18:198:Infinity":64,"b:199:6:200:Infinity:undefined:undefined:undefined:undefined":21,"s:199:6:200:Infinity":65,"b:199:10:199:21:199:21:199:46":22,"s:200:8:200:Infinity":66,"s:202:6:202:Infinity":67,"b:205:4:216:Infinity:undefined:undefined:undefined:undefined":23,"s:205:4:216:Infinity":68,"s:207:36:207:38":69,"s:208:6:211:Infinity":70,"s:209:20:209:108":71,"f:209:32:209:43":15,"s:209:50:209:107":72,"b:209:50:209:76:209:76:209:107":24,"b:210:8:211:Infinity:undefined:undefined:undefined:undefined":25,"s:210:8:211:Infinity":73,"s:211:10:211:Infinity":74,"b:215:6:216:Infinity:undefined:undefined:undefined:undefined":26,"s:215:6:216:Infinity":75,"s:216:8:216:Infinity":76,"s:221:2:221:Infinity":77,"f:227:9:227:Infinity":16,"s:231:20:231:66":78,"f:231:32:231:40":17,"s:231:47:231:66":79,"b:233:2:234:Infinity:undefined:undefined:undefined:undefined":27,"s:233:2:234:Infinity":80,"s:234:4:234:Infinity":81,"s:237:2:237:Infinity":82,"f:237:65:237:70":18,"s:237:77:237:88":83,"f:243:9:243:Infinity":19,"s:247:19:247:65":84,"f:247:31:247:39":20,"s:247:46:247:65":85,"b:249:2:250:Infinity:undefined:undefined:undefined:undefined":28,"s:249:2:250:Infinity":86,"s:250:4:250:Infinity":87,"s:253:2:253:Infinity":88,"f:253:64:253:69":21,"s:253:76:253:87":89,"f:259:9:259:Infinity":22,"s:265:20:265:65":90,"f:265:32:265:40":23,"s:265:47:265:65":91,"b:266:2:267:Infinity:undefined:undefined:undefined:undefined":29,"s:266:2:267:Infinity":92,"s:267:4:267:Infinity":93,"s:271:20:271:65":94,"f:271:32:271:40":24,"s:271:47:271:65":95,"b:272:2:273:Infinity:undefined:undefined:undefined:undefined":30,"s:272:2:273:Infinity":96,"s:273:4:273:Infinity":97,"s:276:2:276:Infinity":98,"f:283:9:283:Infinity":25,"b:287:2:288:Infinity:undefined:undefined:undefined:undefined":31,"s:287:2:288:Infinity":99,"s:288:4:288:Infinity":100,"b:291:2:292:Infinity:undefined:undefined:undefined:undefined":32,"s:291:2:292:Infinity":101,"b:291:6:291:34:291:34:291:49":33,"s:292:4:292:Infinity":102,"s:295:56:295:58":103,"f:297:11:297:21":26,"b:298:4:300:Infinity:undefined:undefined:undefined:undefined":34,"s:298:4:300:Infinity":104,"s:299:6:299:Infinity":105,"s:300:6:300:Infinity":106,"b:303:4:304:Infinity:undefined:undefined:undefined:undefined":35,"s:303:4:304:Infinity":107,"s:304:6:304:Infinity":108,"s:307:4:310:Infinity":109,"s:307:17:307:24":110,"s:308:6:308:Infinity":111,"s:309:6:309:Infinity":112,"s:310:6:310:Infinity":113,"s:314:2:314:Infinity":114,"s:315:2:315:Infinity":115,"f:322:9:322:Infinity":27,"b:325:25:325:Infinity":36,"b:326:34:326:43":37,"s:330:26:330:37":116,"s:331:35:331:37":117,"s:333:2:347:Infinity":118,"s:334:19:334:100":119,"b:336:4:337:Infinity:undefined:undefined:undefined:undefined":38,"s:336:4:337:Infinity":120,"s:337:6:337:Infinity":121,"b:340:4:347:Infinity:undefined:undefined:undefined:undefined":39,"s:340:4:347:Infinity":122,"s:342:41:342:43":123,"s:343:6:345:Infinity":124,"s:343:19:343:50":125,"s:344:8:344:Infinity":126,"s:345:8:345:Infinity":127,"s:347:6:347:Infinity":128,"s:351:2:351:Infinity":129,"f:359:9:359:26":28,"b:360:2:361:Infinity:undefined:undefined:undefined:undefined":40,"s:360:2:361:Infinity":130,"b:360:6:360:45:360:49:360:67":41,"s:361:4:361:Infinity":131,"s:367:2:367:Infinity":132}}}
,"/Users/ulrich.frank/Dev/private/molthar/game-web/src/game/engine/finalRound.ts": {"path":"/Users/ulrich.frank/Dev/private/molthar/game-web/src/game/engine/finalRound.ts","statementMap":{"0":{"start":{"line":12,"column":2},"end":{"line":12,"column":null}},"1":{"start":{"line":19,"column":2},"end":{"line":20,"column":null}},"2":{"start":{"line":20,"column":4},"end":{"line":20,"column":null}},"3":{"start":{"line":23,"column":2},"end":{"line":23,"column":null}},"4":{"start":{"line":30,"column":2},"end":{"line":31,"column":null}},"5":{"start":{"line":31,"column":4},"end":{"line":31,"column":null}},"6":{"start":{"line":34,"column":20},"end":{"line":35,"column":null}},"7":{"start":{"line":35,"column":19},"end":{"line":35,"column":null}},"8":{"start":{"line":38,"column":2},"end":{"line":38,"column":null}},"9":{"start":{"line":45,"column":2},"end":{"line":46,"column":null}},"10":{"start":{"line":46,"column":4},"end":{"line":46,"column":null}},"11":{"start":{"line":50,"column":27},"end":{"line":50,"column":null}},"12":{"start":{"line":51,"column":2},"end":{"line":51,"column":null}},"13":{"start":{"line":59,"column":2},"end":{"line":60,"column":null}},"14":{"start":{"line":60,"column":4},"end":{"line":60,"column":null}},"15":{"start":{"line":63,"column":15},"end":{"line":63,"column":null}},"16":{"start":{"line":64,"column":17},"end":{"line":64,"column":null}},"17":{"start":{"line":65,"column":20},"end":{"line":65,"column":null}},"18":{"start":{"line":67,"column":2},"end":{"line":78,"column":null}},"19":{"start":{"line":67,"column":15},"end":{"line":67,"column":18}},"20":{"start":{"line":68,"column":19},"end":{"line":68,"column":null}},"21":{"start":{"line":69,"column":24},"end":{"line":69,"column":null}},"22":{"start":{"line":70,"column":27},"end":{"line":70,"column":null}},"23":{"start":{"line":72,"column":4},"end":{"line":78,"column":null}},"24":{"start":{"line":76,"column":6},"end":{"line":76,"column":null}},"25":{"start":{"line":77,"column":6},"end":{"line":77,"column":null}},"26":{"start":{"line":78,"column":6},"end":{"line":78,"column":null}},"27":{"start":{"line":82,"column":2},"end":{"line":82,"column":null}},"28":{"start":{"line":95,"column":2},"end":{"line":96,"column":null}},"29":{"start":{"line":96,"column":4},"end":{"line":96,"column":null}},"30":{"start":{"line":99,"column":20},"end":{"line":99,"column":42}},"31":{"start":{"line":100,"column":2},"end":{"line":101,"column":null}},"32":{"start":{"line":101,"column":4},"end":{"line":101,"column":null}},"33":{"start":{"line":104,"column":17},"end":{"line":104,"column":null}},"34":{"start":{"line":105,"column":2},"end":{"line":111,"column":null}},"35":{"start":{"line":118,"column":21},"end":{"line":118,"column":41}},"36":{"start":{"line":119,"column":2},"end":{"line":120,"column":null}},"37":{"start":{"line":120,"column":4},"end":{"line":120,"column":null}},"38":{"start":{"line":123,"column":2},"end":{"line":125,"column":null}}},"fnMap":{"0":{"name":"isFinalRoundActive","decl":{"start":{"line":11,"column":16},"end":{"line":11,"column":35}},"loc":{"start":{"line":11,"column":63},"end":{"line":12,"column":null}},"line":11},"1":{"name":"isPlayerInFinalRound","decl":{"start":{"line":18,"column":16},"end":{"line":18,"column":37}},"loc":{"start":{"line":18,"column":65},"end":{"line":23,"column":null}},"line":18},"2":{"name":"getRemainingFinalRoundPlayers","decl":{"start":{"line":29,"column":16},"end":{"line":29,"column":46}},"loc":{"start":{"line":29,"column":75},"end":{"line":38,"column":null}},"line":29},"3":{"name":"(anonymous_3)","decl":{"start":{"line":34,"column":44},"end":{"line":34,"column":null}},"loc":{"start":{"line":35,"column":19},"end":{"line":35,"column":null}},"line":35},"4":{"name":"isFinalRoundComplete","decl":{"start":{"line":44,"column":16},"end":{"line":44,"column":37}},"loc":{"start":{"line":44,"column":65},"end":{"line":51,"column":null}},"line":44},"5":{"name":"calculateWinner","decl":{"start":{"line":58,"column":16},"end":{"line":58,"column":32}},"loc":{"start":{"line":58,"column":59},"end":{"line":82,"column":null}},"line":58},"6":{"name":"getWinnerInfo","decl":{"start":{"line":88,"column":16},"end":{"line":88,"column":30}},"loc":{"start":{"line":94,"column":9},"end":{"line":111,"column":null}},"line":94},"7":{"name":"formatWinnerAnnouncement","decl":{"start":{"line":117,"column":16},"end":{"line":117,"column":41}},"loc":{"start":{"line":117,"column":68},"end":{"line":125,"column":null}},"line":117}},"branchMap":{"0":{"loc":{"start":{"line":19,"column":2},"end":{"line":20,"column":null}},"type":"if","locations":[{"start":{"line":19,"column":2},"end":{"line":20,"column":null}},{"start":{},"end":{}}],"line":19},"1":{"loc":{"start":{"line":30,"column":2},"end":{"line":31,"column":null}},"type":"if","locations":[{"start":{"line":30,"column":2},"end":{"line":31,"column":null}},{"start":{},"end":{}}],"line":30},"2":{"loc":{"start":{"line":35,"column":19},"end":{"line":35,"column":null}},"type":"binary-expr","locations":[{"start":{"line":35,"column":19},"end":{"line":35,"column":55}},{"start":{"line":35,"column":55},"end":{"line":35,"column":null}}],"line":35},"3":{"loc":{"start":{"line":45,"column":2},"end":{"line":46,"column":null}},"type":"if","locations":[{"start":{"line":45,"column":2},"end":{"line":46,"column":null}},{"start":{},"end":{}}],"line":45},"4":{"loc":{"start":{"line":51,"column":9},"end":{"line":51,"column":null}},"type":"binary-expr","locations":[{"start":{"line":51,"column":9},"end":{"line":51,"column":53}},{"start":{"line":51,"column":53},"end":{"line":51,"column":null}}],"line":51},"5":{"loc":{"start":{"line":59,"column":2},"end":{"line":60,"column":null}},"type":"if","locations":[{"start":{"line":59,"column":2},"end":{"line":60,"column":null}},{"start":{},"end":{}}],"line":59},"6":{"loc":{"start":{"line":72,"column":4},"end":{"line":78,"column":null}},"type":"if","locations":[{"start":{"line":72,"column":4},"end":{"line":78,"column":null}},{"start":{},"end":{}}],"line":72},"7":{"loc":{"start":{"line":73,"column":6},"end":{"line":74,"column":null}},"type":"binary-expr","locations":[{"start":{"line":73,"column":6},"end":{"line":73,"column":null}},{"start":{"line":74,"column":7},"end":{"line":74,"column":35}},{"start":{"line":74,"column":35},"end":{"line":74,"column":null}}],"line":73},"8":{"loc":{"start":{"line":95,"column":2},"end":{"line":96,"column":null}},"type":"if","locations":[{"start":{"line":95,"column":2},"end":{"line":96,"column":null}},{"start":{},"end":{}}],"line":95},"9":{"loc":{"start":{"line":95,"column":6},"end":{"line":95,"column":48}},"type":"binary-expr","locations":[{"start":{"line":95,"column":6},"end":{"line":95,"column":23}},{"start":{"line":95,"column":23},"end":{"line":95,"column":48}}],"line":95},"10":{"loc":{"start":{"line":100,"column":2},"end":{"line":101,"column":null}},"type":"if","locations":[{"start":{"line":100,"column":2},"end":{"line":101,"column":null}},{"start":{},"end":{}}],"line":100},"11":{"loc":{"start":{"line":100,"column":6},"end":{"line":100,"column":58}},"type":"binary-expr","locations":[{"start":{"line":100,"column":6},"end":{"line":100,"column":23}},{"start":{"line":100,"column":23},"end":{"line":100,"column":58}}],"line":100},"12":{"loc":{"start":{"line":119,"column":2},"end":{"line":120,"column":null}},"type":"if","locations":[{"start":{"line":119,"column":2},"end":{"line":120,"column":null}},{"start":{},"end":{}}],"line":119}},"s":{"0":2,"1":3,"2":1,"3":2,"4":4,"5":1,"6":3,"7":8,"8":3,"9":3,"10":1,"11":2,"12":2,"13":12,"14":2,"15":10,"16":10,"17":10,"18":10,"19":10,"20":12,"21":12,"22":12,"23":12,"24":2,"25":2,"26":2,"27":10,"28":8,"29":2,"30":6,"31":6,"32":1,"33":5,"34":5,"35":4,"36":4,"37":1,"38":3},"f":{"0":2,"1":3,"2":4,"3":8,"4":3,"5":12,"6":8,"7":4},"b":{"0":[1,2],"1":[1,3],"2":[8,3],"3":[1,2],"4":[2,2],"5":[2,10],"6":[2,10],"7":[12,11,3],"8":[2,6],"9":[8,8],"10":[1,5],"11":[6,5],"12":[1,3]},"meta":{"lastBranch":13,"lastFunction":8,"lastStatement":39,"seen":{"f:11:16:11:35":0,"s:12:2:12:Infinity":0,"f:18:16:18:37":1,"b:19:2:20:Infinity:undefined:undefined:undefined:undefined":0,"s:19:2:20:Infinity":1,"s:20:4:20:Infinity":2,"s:23:2:23:Infinity":3,"f:29:16:29:46":2,"b:30:2:31:Infinity:undefined:undefined:undefined:undefined":1,"s:30:2:31:Infinity":4,"s:31:4:31:Infinity":5,"s:34:20:35:Infinity":6,"f:34:44:34:Infinity":3,"s:35:19:35:Infinity":7,"b:35:19:35:55:35:55:35:Infinity":2,"s:38:2:38:Infinity":8,"f:44:16:44:37":4,"b:45:2:46:Infinity:undefined:undefined:undefined:undefined":3,"s:45:2:46:Infinity":9,"s:46:4:46:Infinity":10,"s:50:27:50:Infinity":11,"s:51:2:51:Infinity":12,"b:51:9:51:53:51:53:51:Infinity":4,"f:58:16:58:32":5,"b:59:2:60:Infinity:undefined:undefined:undefined:undefined":5,"s:59:2:60:Infinity":13,"s:60:4:60:Infinity":14,"s:63:15:63:Infinity":15,"s:64:17:64:Infinity":16,"s:65:20:65:Infinity":17,"s:67:2:78:Infinity":18,"s:67:15:67:18":19,"s:68:19:68:Infinity":20,"s:69:24:69:Infinity":21,"s:70:27:70:Infinity":22,"b:72:4:78:Infinity:undefined:undefined:undefined:undefined":6,"s:72:4:78:Infinity":23,"b:73:6:73:Infinity:74:7:74:35:74:35:74:Infinity":7,"s:76:6:76:Infinity":24,"s:77:6:77:Infinity":25,"s:78:6:78:Infinity":26,"s:82:2:82:Infinity":27,"f:88:16:88:30":6,"b:95:2:96:Infinity:undefined:undefined:undefined:undefined":8,"s:95:2:96:Infinity":28,"b:95:6:95:23:95:23:95:48":9,"s:96:4:96:Infinity":29,"s:99:20:99:42":30,"b:100:2:101:Infinity:undefined:undefined:undefined:undefined":10,"s:100:2:101:Infinity":31,"b:100:6:100:23:100:23:100:58":11,"s:101:4:101:Infinity":32,"s:104:17:104:Infinity":33,"s:105:2:111:Infinity":34,"f:117:16:117:41":7,"s:118:21:118:41":35,"b:119:2:120:Infinity:undefined:undefined:undefined:undefined":12,"s:119:2:120:Infinity":36,"s:120:4:120:Infinity":37,"s:123:2:125:Infinity":38}}}
,"/Users/ulrich.frank/Dev/private/molthar/game-web/src/game/engine/gameEngine.ts": {"path":"/Users/ulrich.frank/Dev/private/molthar/game-web/src/game/engine/gameEngine.ts","statementMap":{"0":{"start":{"line":16,"column":4},"end":{"line":19,"column":null}},"1":{"start":{"line":17,"column":6},"end":{"line":19,"column":null}},"2":{"start":{"line":22,"column":10},"end":{"line":22,"column":39}},"3":{"start":{"line":23,"column":26},"end":{"line":23,"column":77}},"4":{"start":{"line":23,"column":57},"end":{"line":23,"column":77}},"5":{"start":{"line":26,"column":35},"end":{"line":36,"column":7}},"6":{"start":{"line":26,"column":67},"end":{"line":36,"column":7}},"7":{"start":{"line":39,"column":25},"end":{"line":39,"column":71}},"8":{"start":{"line":40,"column":29},"end":{"line":40,"column":83}},"9":{"start":{"line":42,"column":30},"end":{"line":55,"column":null}},"10":{"start":{"line":57,"column":4},"end":{"line":57,"column":null}},"11":{"start":{"line":66,"column":4},"end":{"line":67,"column":null}},"12":{"start":{"line":67,"column":6},"end":{"line":67,"column":null}},"13":{"start":{"line":71,"column":28},"end":{"line":71,"column":84}},"14":{"start":{"line":71,"column":59},"end":{"line":71,"column":84}},"15":{"start":{"line":72,"column":4},"end":{"line":73,"column":null}},"16":{"start":{"line":73,"column":6},"end":{"line":73,"column":null}},"17":{"start":{"line":77,"column":21},"end":{"line":77,"column":52}},"18":{"start":{"line":79,"column":4},"end":{"line":97,"column":null}},"19":{"start":{"line":80,"column":6},"end":{"line":94,"column":null}},"20":{"start":{"line":82,"column":10},"end":{"line":82,"column":null}},"21":{"start":{"line":84,"column":10},"end":{"line":84,"column":null}},"22":{"start":{"line":86,"column":10},"end":{"line":86,"column":null}},"23":{"start":{"line":88,"column":10},"end":{"line":88,"column":null}},"24":{"start":{"line":90,"column":10},"end":{"line":90,"column":null}},"25":{"start":{"line":92,"column":10},"end":{"line":92,"column":null}},"26":{"start":{"line":94,"column":10},"end":{"line":94,"column":null}},"27":{"start":{"line":97,"column":6},"end":{"line":97,"column":null}},"28":{"start":{"line":105,"column":26},"end":{"line":105,"column":46}},"29":{"start":{"line":107,"column":4},"end":{"line":108,"column":null}},"30":{"start":{"line":108,"column":6},"end":{"line":108,"column":null}},"31":{"start":{"line":111,"column":19},"end":{"line":111,"column":null}},"32":{"start":{"line":114,"column":4},"end":{"line":115,"column":null}},"33":{"start":{"line":115,"column":6},"end":{"line":115,"column":null}},"34":{"start":{"line":119,"column":4},"end":{"line":120,"column":null}},"35":{"start":{"line":120,"column":6},"end":{"line":120,"column":null}},"36":{"start":{"line":124,"column":17},"end":{"line":124,"column":null}},"37":{"start":{"line":125,"column":4},"end":{"line":125,"column":null}},"38":{"start":{"line":126,"column":4},"end":{"line":126,"column":null}},"39":{"start":{"line":129,"column":4},"end":{"line":136,"column":null}},"40":{"start":{"line":130,"column":6},"end":{"line":130,"column":null}},"41":{"start":{"line":131,"column":15},"end":{"line":136,"column":null}},"42":{"start":{"line":133,"column":6},"end":{"line":133,"column":null}},"43":{"start":{"line":133,"column":63},"end":{"line":133,"column":83}},"44":{"start":{"line":134,"column":6},"end":{"line":134,"column":null}},"45":{"start":{"line":135,"column":6},"end":{"line":136,"column":null}},"46":{"start":{"line":136,"column":8},"end":{"line":136,"column":null}},"47":{"start":{"line":141,"column":4},"end":{"line":141,"column":null}},"48":{"start":{"line":144,"column":4},"end":{"line":147,"column":null}},"49":{"start":{"line":149,"column":4},"end":{"line":149,"column":null}},"50":{"start":{"line":156,"column":26},"end":{"line":156,"column":46}},"51":{"start":{"line":158,"column":4},"end":{"line":159,"column":null}},"52":{"start":{"line":159,"column":6},"end":{"line":159,"column":null}},"53":{"start":{"line":162,"column":19},"end":{"line":162,"column":null}},"54":{"start":{"line":165,"column":4},"end":{"line":166,"column":null}},"55":{"start":{"line":166,"column":6},"end":{"line":166,"column":null}},"56":{"start":{"line":170,"column":4},"end":{"line":171,"column":null}},"57":{"start":{"line":171,"column":6},"end":{"line":171,"column":null}},"58":{"start":{"line":175,"column":17},"end":{"line":175,"column":null}},"59":{"start":{"line":176,"column":4},"end":{"line":176,"column":null}},"60":{"start":{"line":177,"column":4},"end":{"line":177,"column":null}},"61":{"start":{"line":180,"column":4},"end":{"line":187,"column":null}},"62":{"start":{"line":181,"column":6},"end":{"line":181,"column":null}},"63":{"start":{"line":182,"column":15},"end":{"line":187,"column":null}},"64":{"start":{"line":184,"column":6},"end":{"line":184,"column":null}},"65":{"start":{"line":184,"column":71},"end":{"line":184,"column":91}},"66":{"start":{"line":185,"column":6},"end":{"line":185,"column":null}},"67":{"start":{"line":186,"column":6},"end":{"line":187,"column":null}},"68":{"start":{"line":187,"column":8},"end":{"line":187,"column":null}},"69":{"start":{"line":192,"column":4},"end":{"line":192,"column":null}},"70":{"start":{"line":195,"column":4},"end":{"line":198,"column":null}},"71":{"start":{"line":200,"column":4},"end":{"line":200,"column":null}},"72":{"start":{"line":208,"column":49},"end":{"line":208,"column":69}},"73":{"start":{"line":210,"column":4},"end":{"line":215,"column":null}},"74":{"start":{"line":215,"column":6},"end":{"line":215,"column":null}},"75":{"start":{"line":218,"column":19},"end":{"line":218,"column":null}},"76":{"start":{"line":221,"column":4},"end":{"line":222,"column":null}},"77":{"start":{"line":222,"column":6},"end":{"line":222,"column":null}},"78":{"start":{"line":226,"column":22},"end":{"line":226,"column":null}},"79":{"start":{"line":229,"column":4},"end":{"line":230,"column":null}},"80":{"start":{"line":230,"column":6},"end":{"line":230,"column":null}},"81":{"start":{"line":234,"column":23},"end":{"line":234,"column":70}},"82":{"start":{"line":234,"column":52},"end":{"line":234,"column":70}},"83":{"start":{"line":235,"column":4},"end":{"line":236,"column":null}},"84":{"start":{"line":236,"column":6},"end":{"line":236,"column":null}},"85":{"start":{"line":240,"column":4},"end":{"line":242,"column":null}},"86":{"start":{"line":241,"column":6},"end":{"line":242,"column":null}},"87":{"start":{"line":242,"column":8},"end":{"line":242,"column":null}},"88":{"start":{"line":250,"column":4},"end":{"line":251,"column":null}},"89":{"start":{"line":251,"column":6},"end":{"line":251,"column":null}},"90":{"start":{"line":255,"column":4},"end":{"line":255,"column":null}},"91":{"start":{"line":256,"column":4},"end":{"line":256,"column":null}},"92":{"start":{"line":259,"column":26},"end":{"line":259,"column":69}},"93":{"start":{"line":259,"column":63},"end":{"line":259,"column":69}},"94":{"start":{"line":260,"column":4},"end":{"line":261,"column":null}},"95":{"start":{"line":261,"column":6},"end":{"line":261,"column":null}},"96":{"start":{"line":265,"column":26},"end":{"line":265,"column":null}},"97":{"start":{"line":266,"column":4},"end":{"line":266,"column":null}},"98":{"start":{"line":269,"column":4},"end":{"line":280,"column":null}},"99":{"start":{"line":270,"column":23},"end":{"line":270,"column":97}},"100":{"start":{"line":271,"column":6},"end":{"line":271,"column":null}},"101":{"start":{"line":274,"column":6},"end":{"line":280,"column":null}},"102":{"start":{"line":275,"column":8},"end":{"line":280,"column":null}},"103":{"start":{"line":285,"column":4},"end":{"line":285,"column":null}},"104":{"start":{"line":288,"column":4},"end":{"line":296,"column":null}},"105":{"start":{"line":292,"column":6},"end":{"line":292,"column":null}},"106":{"start":{"line":293,"column":6},"end":{"line":296,"column":null}},"107":{"start":{"line":295,"column":12},"end":{"line":295,"column":null}},"108":{"start":{"line":300,"column":4},"end":{"line":303,"column":null}},"109":{"start":{"line":305,"column":4},"end":{"line":305,"column":null}},"110":{"start":{"line":312,"column":19},"end":{"line":312,"column":null}},"111":{"start":{"line":315,"column":4},"end":{"line":322,"column":null}},"112":{"start":{"line":316,"column":6},"end":{"line":316,"column":null}},"113":{"start":{"line":318,"column":6},"end":{"line":321,"column":null}},"114":{"start":{"line":322,"column":6},"end":{"line":322,"column":null}},"115":{"start":{"line":326,"column":4},"end":{"line":326,"column":null}},"116":{"start":{"line":327,"column":4},"end":{"line":327,"column":null}},"117":{"start":{"line":330,"column":4},"end":{"line":333,"column":null}},"118":{"start":{"line":331,"column":6},"end":{"line":331,"column":null}},"119":{"start":{"line":332,"column":12},"end":{"line":332,"column":46}},"120":{"start":{"line":333,"column":6},"end":{"line":333,"column":null}},"121":{"start":{"line":337,"column":4},"end":{"line":340,"column":null}},"122":{"start":{"line":342,"column":4},"end":{"line":342,"column":null}},"123":{"start":{"line":350,"column":28},"end":{"line":350,"column":48}},"124":{"start":{"line":352,"column":4},"end":{"line":353,"column":null}},"125":{"start":{"line":353,"column":6},"end":{"line":353,"column":null}},"126":{"start":{"line":356,"column":19},"end":{"line":356,"column":null}},"127":{"start":{"line":359,"column":20},"end":{"line":359,"column":null}},"128":{"start":{"line":361,"column":4},"end":{"line":362,"column":null}},"129":{"start":{"line":361,"column":45},"end":{"line":361,"column":78}},"130":{"start":{"line":362,"column":6},"end":{"line":362,"column":null}},"131":{"start":{"line":365,"column":27},"end":{"line":365,"column":null}},"132":{"start":{"line":368,"column":4},"end":{"line":371,"column":null}},"133":{"start":{"line":369,"column":6},"end":{"line":371,"column":null}},"134":{"start":{"line":375,"column":4},"end":{"line":377,"column":null}},"135":{"start":{"line":376,"column":6},"end":{"line":377,"column":null}},"136":{"start":{"line":377,"column":8},"end":{"line":377,"column":null}},"137":{"start":{"line":382,"column":26},"end":{"line":382,"column":46}},"138":{"start":{"line":383,"column":4},"end":{"line":384,"column":null}},"139":{"start":{"line":384,"column":6},"end":{"line":384,"column":null}},"140":{"start":{"line":388,"column":26},"end":{"line":388,"column":64}},"141":{"start":{"line":388,"column":58},"end":{"line":388,"column":64}},"142":{"start":{"line":389,"column":47},"end":{"line":389,"column":49}},"143":{"start":{"line":391,"column":4},"end":{"line":393,"column":null}},"144":{"start":{"line":392,"column":19},"end":{"line":392,"column":null}},"145":{"start":{"line":393,"column":6},"end":{"line":393,"column":null}},"146":{"start":{"line":397,"column":4},"end":{"line":397,"column":null}},"147":{"start":{"line":400,"column":4},"end":{"line":400,"column":null}},"148":{"start":{"line":401,"column":4},"end":{"line":401,"column":null}},"149":{"start":{"line":402,"column":4},"end":{"line":402,"column":null}},"150":{"start":{"line":405,"column":4},"end":{"line":408,"column":null}},"151":{"start":{"line":410,"column":4},"end":{"line":410,"column":null}},"152":{"start":{"line":418,"column":4},"end":{"line":418,"column":null}},"153":{"start":{"line":425,"column":4},"end":{"line":443,"column":null}},"154":{"start":{"line":427,"column":54},"end":{"line":434,"column":9}}},"fnMap":{"0":{"name":"(anonymous_0)","decl":{"start":{"line":15,"column":9},"end":{"line":15,"column":24}},"loc":{"start":{"line":15,"column":82},"end":{"line":57,"column":null}},"line":15},"1":{"name":"(anonymous_1)","decl":{"start":{"line":23,"column":46},"end":{"line":23,"column":57}},"loc":{"start":{"line":23,"column":57},"end":{"line":23,"column":77}},"line":23},"2":{"name":"(anonymous_2)","decl":{"start":{"line":26,"column":47},"end":{"line":26,"column":52}},"loc":{"start":{"line":26,"column":67},"end":{"line":36,"column":7}},"line":26},"3":{"name":"(anonymous_3)","decl":{"start":{"line":64,"column":9},"end":{"line":64,"column":23}},"loc":{"start":{"line":64,"column":74},"end":{"line":97,"column":null}},"line":64},"4":{"name":"(anonymous_4)","decl":{"start":{"line":71,"column":42},"end":{"line":71,"column":53}},"loc":{"start":{"line":71,"column":59},"end":{"line":71,"column":84}},"line":71},"5":{"name":"(anonymous_5)","decl":{"start":{"line":104,"column":17},"end":{"line":104,"column":31}},"loc":{"start":{"line":104,"column":82},"end":{"line":149,"column":null}},"line":104},"6":{"name":"(anonymous_6)","decl":{"start":{"line":133,"column":52},"end":{"line":133,"column":63}},"loc":{"start":{"line":133,"column":63},"end":{"line":133,"column":83}},"line":133},"7":{"name":"(anonymous_7)","decl":{"start":{"line":155,"column":17},"end":{"line":155,"column":32}},"loc":{"start":{"line":155,"column":83},"end":{"line":200,"column":null}},"line":155},"8":{"name":"(anonymous_8)","decl":{"start":{"line":184,"column":60},"end":{"line":184,"column":71}},"loc":{"start":{"line":184,"column":71},"end":{"line":184,"column":91}},"line":184},"9":{"name":"(anonymous_9)","decl":{"start":{"line":207,"column":17},"end":{"line":207,"column":35}},"loc":{"start":{"line":207,"column":86},"end":{"line":305,"column":null}},"line":207},"10":{"name":"(anonymous_10)","decl":{"start":{"line":234,"column":38},"end":{"line":234,"column":46}},"loc":{"start":{"line":234,"column":52},"end":{"line":234,"column":70}},"line":234},"11":{"name":"(anonymous_11)","decl":{"start":{"line":259,"column":48},"end":{"line":259,"column":54}},"loc":{"start":{"line":259,"column":63},"end":{"line":259,"column":69}},"line":259},"12":{"name":"(anonymous_12)","decl":{"start":{"line":294,"column":40},"end":{"line":294,"column":null}},"loc":{"start":{"line":295,"column":12},"end":{"line":295,"column":null}},"line":295},"13":{"name":"(anonymous_13)","decl":{"start":{"line":311,"column":17},"end":{"line":311,"column":25}},"loc":{"start":{"line":311,"column":76},"end":{"line":342,"column":null}},"line":311},"14":{"name":"(anonymous_14)","decl":{"start":{"line":349,"column":17},"end":{"line":349,"column":30}},"loc":{"start":{"line":349,"column":81},"end":{"line":410,"column":null}},"line":349},"15":{"name":"(anonymous_15)","decl":{"start":{"line":361,"column":33},"end":{"line":361,"column":39}},"loc":{"start":{"line":361,"column":45},"end":{"line":361,"column":78}},"line":361},"16":{"name":"(anonymous_16)","decl":{"start":{"line":388,"column":43},"end":{"line":388,"column":49}},"loc":{"start":{"line":388,"column":58},"end":{"line":388,"column":64}},"line":388},"17":{"name":"(anonymous_17)","decl":{"start":{"line":416,"column":17},"end":{"line":416,"column":31}},"loc":{"start":{"line":416,"column":84},"end":{"line":418,"column":null}},"line":416},"18":{"name":"(anonymous_18)","decl":{"start":{"line":424,"column":17},"end":{"line":424,"column":31}},"loc":{"start":{"line":424,"column":62},"end":{"line":443,"column":null}},"line":424},"19":{"name":"(anonymous_19)","decl":{"start":{"line":427,"column":29},"end":{"line":427,"column":34}},"loc":{"start":{"line":427,"column":54},"end":{"line":434,"column":9}},"line":427}},"branchMap":{"0":{"loc":{"start":{"line":16,"column":4},"end":{"line":19,"column":null}},"type":"if","locations":[{"start":{"line":16,"column":4},"end":{"line":19,"column":null}},{"start":{},"end":{}}],"line":16},"1":{"loc":{"start":{"line":16,"column":8},"end":{"line":16,"column":100}},"type":"binary-expr","locations":[{"start":{"line":16,"column":8},"end":{"line":16,"column":55}},{"start":{"line":16,"column":55},"end":{"line":16,"column":100}}],"line":16},"2":{"loc":{"start":{"line":66,"column":4},"end":{"line":67,"column":null}},"type":"if","locations":[{"start":{"line":66,"column":4},"end":{"line":67,"column":null}},{"start":{},"end":{}}],"line":66},"3":{"loc":{"start":{"line":72,"column":4},"end":{"line":73,"column":null}},"type":"if","locations":[{"start":{"line":72,"column":4},"end":{"line":73,"column":null}},{"start":{},"end":{}}],"line":72},"4":{"loc":{"start":{"line":80,"column":6},"end":{"line":94,"column":null}},"type":"switch","locations":[{"start":{"line":81,"column":8},"end":{"line":82,"column":null}},{"start":{"line":83,"column":8},"end":{"line":84,"column":null}},{"start":{"line":85,"column":8},"end":{"line":86,"column":null}},{"start":{"line":87,"column":8},"end":{"line":88,"column":null}},{"start":{"line":89,"column":8},"end":{"line":90,"column":null}},{"start":{"line":91,"column":8},"end":{"line":92,"column":null}},{"start":{"line":93,"column":8},"end":{"line":94,"column":null}}],"line":80},"5":{"loc":{"start":{"line":105,"column":26},"end":{"line":105,"column":46}},"type":"binary-expr","locations":[{"start":{"line":105,"column":26},"end":{"line":105,"column":44}},{"start":{"line":105,"column":44},"end":{"line":105,"column":46}}],"line":105},"6":{"loc":{"start":{"line":107,"column":4},"end":{"line":108,"column":null}},"type":"if","locations":[{"start":{"line":107,"column":4},"end":{"line":108,"column":null}},{"start":{},"end":{}}],"line":107},"7":{"loc":{"start":{"line":107,"column":8},"end":{"line":107,"column":92}},"type":"binary-expr","locations":[{"start":{"line":107,"column":8},"end":{"line":107,"column":35}},{"start":{"line":107,"column":35},"end":{"line":107,"column":52}},{"start":{"line":107,"column":52},"end":{"line":107,"column":92}}],"line":107},"8":{"loc":{"start":{"line":114,"column":4},"end":{"line":115,"column":null}},"type":"if","locations":[{"start":{"line":114,"column":4},"end":{"line":115,"column":null}},{"start":{},"end":{}}],"line":114},"9":{"loc":{"start":{"line":119,"column":4},"end":{"line":120,"column":null}},"type":"if","locations":[{"start":{"line":119,"column":4},"end":{"line":120,"column":null}},{"start":{},"end":{}}],"line":119},"10":{"loc":{"start":{"line":129,"column":4},"end":{"line":136,"column":null}},"type":"if","locations":[{"start":{"line":129,"column":4},"end":{"line":136,"column":null}},{"start":{"line":131,"column":15},"end":{"line":136,"column":null}}],"line":129},"11":{"loc":{"start":{"line":131,"column":15},"end":{"line":136,"column":null}},"type":"if","locations":[{"start":{"line":131,"column":15},"end":{"line":136,"column":null}},{"start":{},"end":{}}],"line":131},"12":{"loc":{"start":{"line":135,"column":6},"end":{"line":136,"column":null}},"type":"if","locations":[{"start":{"line":135,"column":6},"end":{"line":136,"column":null}},{"start":{},"end":{}}],"line":135},"13":{"loc":{"start":{"line":156,"column":26},"end":{"line":156,"column":46}},"type":"binary-expr","locations":[{"start":{"line":156,"column":26},"end":{"line":156,"column":44}},{"start":{"line":156,"column":44},"end":{"line":156,"column":46}}],"line":156},"14":{"loc":{"start":{"line":158,"column":4},"end":{"line":159,"column":null}},"type":"if","locations":[{"start":{"line":158,"column":4},"end":{"line":159,"column":null}},{"start":{},"end":{}}],"line":158},"15":{"loc":{"start":{"line":158,"column":8},"end":{"line":158,"column":96}},"type":"binary-expr","locations":[{"start":{"line":158,"column":8},"end":{"line":158,"column":35}},{"start":{"line":158,"column":35},"end":{"line":158,"column":52}},{"start":{"line":158,"column":52},"end":{"line":158,"column":96}}],"line":158},"16":{"loc":{"start":{"line":165,"column":4},"end":{"line":166,"column":null}},"type":"if","locations":[{"start":{"line":165,"column":4},"end":{"line":166,"column":null}},{"start":{},"end":{}}],"line":165},"17":{"loc":{"start":{"line":170,"column":4},"end":{"line":171,"column":null}},"type":"if","locations":[{"start":{"line":170,"column":4},"end":{"line":171,"column":null}},{"start":{},"end":{}}],"line":170},"18":{"loc":{"start":{"line":180,"column":4},"end":{"line":187,"column":null}},"type":"if","locations":[{"start":{"line":180,"column":4},"end":{"line":187,"column":null}},{"start":{"line":182,"column":15},"end":{"line":187,"column":null}}],"line":180},"19":{"loc":{"start":{"line":182,"column":15},"end":{"line":187,"column":null}},"type":"if","locations":[{"start":{"line":182,"column":15},"end":{"line":187,"column":null}},{"start":{},"end":{}}],"line":182},"20":{"loc":{"start":{"line":186,"column":6},"end":{"line":187,"column":null}},"type":"if","locations":[{"start":{"line":186,"column":6},"end":{"line":187,"column":null}},{"start":{},"end":{}}],"line":186},"21":{"loc":{"start":{"line":208,"column":49},"end":{"line":208,"column":69}},"type":"binary-expr","locations":[{"start":{"line":208,"column":49},"end":{"line":208,"column":67}},{"start":{"line":208,"column":67},"end":{"line":208,"column":69}}],"line":208},"22":{"loc":{"start":{"line":210,"column":4},"end":{"line":215,"column":null}},"type":"if","locations":[{"start":{"line":210,"column":4},"end":{"line":215,"column":null}},{"start":{},"end":{}}],"line":210},"23":{"loc":{"start":{"line":211,"column":6},"end":{"line":213,"column":null}},"type":"binary-expr","locations":[{"start":{"line":211,"column":6},"end":{"line":211,"column":null}},{"start":{"line":212,"column":6},"end":{"line":212,"column":null}},{"start":{"line":213,"column":6},"end":{"line":213,"column":null}}],"line":211},"24":{"loc":{"start":{"line":221,"column":4},"end":{"line":222,"column":null}},"type":"if","locations":[{"start":{"line":221,"column":4},"end":{"line":222,"column":null}},{"start":{},"end":{}}],"line":221},"25":{"loc":{"start":{"line":229,"column":4},"end":{"line":230,"column":null}},"type":"if","locations":[{"start":{"line":229,"column":4},"end":{"line":230,"column":null}},{"start":{},"end":{}}],"line":229},"26":{"loc":{"start":{"line":235,"column":4},"end":{"line":236,"column":null}},"type":"if","locations":[{"start":{"line":235,"column":4},"end":{"line":236,"column":null}},{"start":{},"end":{}}],"line":235},"27":{"loc":{"start":{"line":235,"column":8},"end":{"line":235,"column":64}},"type":"binary-expr","locations":[{"start":{"line":235,"column":8},"end":{"line":235,"column":41}},{"start":{"line":235,"column":41},"end":{"line":235,"column":64}}],"line":235},"28":{"loc":{"start":{"line":241,"column":6},"end":{"line":242,"column":null}},"type":"if","locations":[{"start":{"line":241,"column":6},"end":{"line":242,"column":null}},{"start":{},"end":{}}],"line":241},"29":{"loc":{"start":{"line":241,"column":10},"end":{"line":241,"column":48}},"type":"binary-expr","locations":[{"start":{"line":241,"column":10},"end":{"line":241,"column":21}},{"start":{"line":241,"column":21},"end":{"line":241,"column":48}}],"line":241},"30":{"loc":{"start":{"line":250,"column":4},"end":{"line":251,"column":null}},"type":"if","locations":[{"start":{"line":250,"column":4},"end":{"line":251,"column":null}},{"start":{},"end":{}}],"line":250},"31":{"loc":{"start":{"line":250,"column":8},"end":{"line":250,"column":64}},"type":"binary-expr","locations":[{"start":{"line":250,"column":8},"end":{"line":250,"column":39}},{"start":{"line":250,"column":39},"end":{"line":250,"column":64}}],"line":250},"32":{"loc":{"start":{"line":269,"column":4},"end":{"line":280,"column":null}},"type":"if","locations":[{"start":{"line":269,"column":4},"end":{"line":280,"column":null}},{"start":{},"end":{}}],"line":269},"33":{"loc":{"start":{"line":269,"column":8},"end":{"line":269,"column":72}},"type":"binary-expr","locations":[{"start":{"line":269,"column":8},"end":{"line":269,"column":33}},{"start":{"line":269,"column":22},"end":{"line":269,"column":72}}],"line":269},"34":{"loc":{"start":{"line":274,"column":6},"end":{"line":280,"column":null}},"type":"if","locations":[{"start":{"line":274,"column":6},"end":{"line":280,"column":null}},{"start":{},"end":{}}],"line":274},"35":{"loc":{"start":{"line":288,"column":4},"end":{"line":296,"column":null}},"type":"if","locations":[{"start":{"line":288,"column":4},"end":{"line":296,"column":null}},{"start":{},"end":{}}],"line":288},"36":{"loc":{"start":{"line":289,"column":6},"end":{"line":290,"column":null}},"type":"binary-expr","locations":[{"start":{"line":289,"column":6},"end":{"line":289,"column":null}},{"start":{"line":290,"column":6},"end":{"line":290,"column":null}}],"line":289},"37":{"loc":{"start":{"line":315,"column":4},"end":{"line":322,"column":null}},"type":"if","locations":[{"start":{"line":315,"column":4},"end":{"line":322,"column":null}},{"start":{},"end":{}}],"line":315},"38":{"loc":{"start":{"line":330,"column":4},"end":{"line":333,"column":null}},"type":"if","locations":[{"start":{"line":330,"column":4},"end":{"line":333,"column":null}},{"start":{},"end":{}}],"line":330},"39":{"loc":{"start":{"line":330,"column":8},"end":{"line":330,"column":61}},"type":"binary-expr","locations":[{"start":{"line":330,"column":8},"end":{"line":330,"column":34}},{"start":{"line":330,"column":14},"end":{"line":330,"column":61}}],"line":330},"40":{"loc":{"start":{"line":350,"column":28},"end":{"line":350,"column":48}},"type":"binary-expr","locations":[{"start":{"line":350,"column":28},"end":{"line":350,"column":46}},{"start":{"line":350,"column":46},"end":{"line":350,"column":48}}],"line":350},"41":{"loc":{"start":{"line":352,"column":4},"end":{"line":353,"column":null}},"type":"if","locations":[{"start":{"line":352,"column":4},"end":{"line":353,"column":null}},{"start":{},"end":{}}],"line":352},"42":{"loc":{"start":{"line":361,"column":4},"end":{"line":362,"column":null}},"type":"if","locations":[{"start":{"line":361,"column":4},"end":{"line":362,"column":null}},{"start":{},"end":{}}],"line":361},"43":{"loc":{"start":{"line":368,"column":4},"end":{"line":371,"column":null}},"type":"if","locations":[{"start":{"line":368,"column":4},"end":{"line":371,"column":null}},{"start":{},"end":{}}],"line":368},"44":{"loc":{"start":{"line":376,"column":6},"end":{"line":377,"column":null}},"type":"if","locations":[{"start":{"line":376,"column":6},"end":{"line":377,"column":null}},{"start":{},"end":{}}],"line":376},"45":{"loc":{"start":{"line":376,"column":10},"end":{"line":376,"column":48}},"type":"binary-expr","locations":[{"start":{"line":376,"column":10},"end":{"line":376,"column":21}},{"start":{"line":376,"column":21},"end":{"line":376,"column":48}}],"line":376},"46":{"loc":{"start":{"line":383,"column":4},"end":{"line":384,"column":null}},"type":"if","locations":[{"start":{"line":383,"column":4},"end":{"line":384,"column":null}},{"start":{},"end":{}}],"line":383}},"s":{"0":121,"1":2,"2":119,"3":119,"4":829,"5":119,"6":245,"7":119,"8":119,"9":119,"10":119,"11":51,"12":1,"13":50,"14":52,"15":50,"16":0,"17":50,"18":50,"19":50,"20":9,"21":7,"22":16,"23":7,"24":11,"25":0,"26":0,"27":14,"28":9,"29":9,"30":1,"31":8,"32":8,"33":2,"34":6,"35":0,"36":6,"37":6,"38":6,"39":6,"40":6,"41":0,"42":0,"43":0,"44":0,"45":0,"46":0,"47":6,"48":6,"49":6,"50":7,"51":7,"52":1,"53":6,"54":6,"55":0,"56":6,"57":1,"58":5,"59":5,"60":5,"61":5,"62":5,"63":0,"64":0,"65":0,"66":0,"67":0,"68":0,"69":5,"70":5,"71":5,"72":16,"73":16,"74":1,"75":15,"76":15,"77":1,"78":14,"79":14,"80":1,"81":13,"82":13,"83":13,"84":1,"85":12,"86":9,"87":1,"88":11,"89":0,"90":11,"91":11,"92":11,"93":5,"94":11,"95":8,"96":11,"97":11,"98":11,"99":2,"100":2,"101":2,"102":2,"103":11,"104":11,"105":3,"106":3,"107":6,"108":11,"109":11,"110":7,"111":7,"112":1,"113":1,"114":1,"115":6,"116":6,"117":6,"118":0,"119":0,"120":0,"121":6,"122":6,"123":11,"124":11,"125":1,"126":10,"127":10,"128":10,"129":1,"130":1,"131":10,"132":10,"133":1,"134":9,"135":11,"136":1,"137":8,"138":8,"139":1,"140":7,"141":1,"142":7,"143":7,"144":8,"145":8,"146":7,"147":7,"148":7,"149":7,"150":7,"151":7,"152":0,"153":50,"154":101},"f":{"0":1,"1":829,"2":245,"3":1,"4":52,"5":1,"6":0,"7":1,"8":0,"9":1,"10":13,"11":5,"12":6,"13":1,"14":1,"15":1,"16":1,"17":1,"18":1,"19":101},"b":{"0":[2,119],"1":[121,120],"2":[1,50],"3":[0,50],"4":[9,7,16,7,11,0,0],"5":[9,0],"6":[1,8],"7":[9,9,9],"8":[2,6],"9":[0,6],"10":[6,0],"11":[0,0],"12":[0,0],"13":[7,0],"14":[1,6],"15":[7,7,7],"16":[0,6],"17":[1,5],"18":[5,0],"19":[0,0],"20":[0,0],"21":[16,0],"22":[1,15],"23":[16,16,16],"24":[1,14],"25":[1,13],"26":[1,12],"27":[13,9],"28":[1,8],"29":[9,9],"30":[0,11],"31":[11,3],"32":[2,9],"33":[11,11],"34":[2,0],"35":[3,8],"36":[11,3],"37":[1,6],"38":[0,6],"39":[6,0],"40":[11,0],"41":[1,10],"42":[1,9],"43":[1,9],"44":[1,10],"45":[11,11],"46":[1,7]},"meta":{"lastBranch":47,"lastFunction":20,"lastStatement":155,"seen":{"f:15:9:15:24":0,"b:16:4:19:Infinity:undefined:undefined:undefined:undefined":0,"s:16:4:19:Infinity":0,"b:16:8:16:55:16:55:16:100":1,"s:17:6:19:Infinity":1,"s:22:10:22:39":2,"s:23:26:23:77":3,"f:23:46:23:57":1,"s:23:57:23:77":4,"s:26:35:36:7":5,"f:26:47:26:52":2,"s:26:67:36:7":6,"s:39:25:39:71":7,"s:40:29:40:83":8,"s:42:30:55:Infinity":9,"s:57:4:57:Infinity":10,"f:64:9:64:23":3,"b:66:4:67:Infinity:undefined:undefined:undefined:undefined":2,"s:66:4:67:Infinity":11,"s:67:6:67:Infinity":12,"s:71:28:71:84":13,"f:71:42:71:53":4,"s:71:59:71:84":14,"b:72:4:73:Infinity:undefined:undefined:undefined:undefined":3,"s:72:4:73:Infinity":15,"s:73:6:73:Infinity":16,"s:77:21:77:52":17,"s:79:4:97:Infinity":18,"b:81:8:82:Infinity:83:8:84:Infinity:85:8:86:Infinity:87:8:88:Infinity:89:8:90:Infinity:91:8:92:Infinity:93:8:94:Infinity":4,"s:80:6:94:Infinity":19,"s:82:10:82:Infinity":20,"s:84:10:84:Infinity":21,"s:86:10:86:Infinity":22,"s:88:10:88:Infinity":23,"s:90:10:90:Infinity":24,"s:92:10:92:Infinity":25,"s:94:10:94:Infinity":26,"s:97:6:97:Infinity":27,"f:104:17:104:31":5,"s:105:26:105:46":28,"b:105:26:105:44:105:44:105:46":5,"b:107:4:108:Infinity:undefined:undefined:undefined:undefined":6,"s:107:4:108:Infinity":29,"b:107:8:107:35:107:35:107:52:107:52:107:92":7,"s:108:6:108:Infinity":30,"s:111:19:111:Infinity":31,"b:114:4:115:Infinity:undefined:undefined:undefined:undefined":8,"s:114:4:115:Infinity":32,"s:115:6:115:Infinity":33,"b:119:4:120:Infinity:undefined:undefined:undefined:undefined":9,"s:119:4:120:Infinity":34,"s:120:6:120:Infinity":35,"s:124:17:124:Infinity":36,"s:125:4:125:Infinity":37,"s:126:4:126:Infinity":38,"b:129:4:136:Infinity:131:15:136:Infinity":10,"s:129:4:136:Infinity":39,"s:130:6:130:Infinity":40,"b:131:15:136:Infinity:undefined:undefined:undefined:undefined":11,"s:131:15:136:Infinity":41,"s:133:6:133:Infinity":42,"f:133:52:133:63":6,"s:133:63:133:83":43,"s:134:6:134:Infinity":44,"b:135:6:136:Infinity:undefined:undefined:undefined:undefined":12,"s:135:6:136:Infinity":45,"s:136:8:136:Infinity":46,"s:141:4:141:Infinity":47,"s:144:4:147:Infinity":48,"s:149:4:149:Infinity":49,"f:155:17:155:32":7,"s:156:26:156:46":50,"b:156:26:156:44:156:44:156:46":13,"b:158:4:159:Infinity:undefined:undefined:undefined:undefined":14,"s:158:4:159:Infinity":51,"b:158:8:158:35:158:35:158:52:158:52:158:96":15,"s:159:6:159:Infinity":52,"s:162:19:162:Infinity":53,"b:165:4:166:Infinity:undefined:undefined:undefined:undefined":16,"s:165:4:166:Infinity":54,"s:166:6:166:Infinity":55,"b:170:4:171:Infinity:undefined:undefined:undefined:undefined":17,"s:170:4:171:Infinity":56,"s:171:6:171:Infinity":57,"s:175:17:175:Infinity":58,"s:176:4:176:Infinity":59,"s:177:4:177:Infinity":60,"b:180:4:187:Infinity:182:15:187:Infinity":18,"s:180:4:187:Infinity":61,"s:181:6:181:Infinity":62,"b:182:15:187:Infinity:undefined:undefined:undefined:undefined":19,"s:182:15:187:Infinity":63,"s:184:6:184:Infinity":64,"f:184:60:184:71":8,"s:184:71:184:91":65,"s:185:6:185:Infinity":66,"b:186:6:187:Infinity:undefined:undefined:undefined:undefined":20,"s:186:6:187:Infinity":67,"s:187:8:187:Infinity":68,"s:192:4:192:Infinity":69,"s:195:4:198:Infinity":70,"s:200:4:200:Infinity":71,"f:207:17:207:35":9,"s:208:49:208:69":72,"b:208:49:208:67:208:67:208:69":21,"b:210:4:215:Infinity:undefined:undefined:undefined:undefined":22,"s:210:4:215:Infinity":73,"b:211:6:211:Infinity:212:6:212:Infinity:213:6:213:Infinity":23,"s:215:6:215:Infinity":74,"s:218:19:218:Infinity":75,"b:221:4:222:Infinity:undefined:undefined:undefined:undefined":24,"s:221:4:222:Infinity":76,"s:222:6:222:Infinity":77,"s:226:22:226:Infinity":78,"b:229:4:230:Infinity:undefined:undefined:undefined:undefined":25,"s:229:4:230:Infinity":79,"s:230:6:230:Infinity":80,"s:234:23:234:70":81,"f:234:38:234:46":10,"s:234:52:234:70":82,"b:235:4:236:Infinity:undefined:undefined:undefined:undefined":26,"s:235:4:236:Infinity":83,"b:235:8:235:41:235:41:235:64":27,"s:236:6:236:Infinity":84,"s:240:4:242:Infinity":85,"b:241:6:242:Infinity:undefined:undefined:undefined:undefined":28,"s:241:6:242:Infinity":86,"b:241:10:241:21:241:21:241:48":29,"s:242:8:242:Infinity":87,"b:250:4:251:Infinity:undefined:undefined:undefined:undefined":30,"s:250:4:251:Infinity":88,"b:250:8:250:39:250:39:250:64":31,"s:251:6:251:Infinity":89,"s:255:4:255:Infinity":90,"s:256:4:256:Infinity":91,"s:259:26:259:69":92,"f:259:48:259:54":11,"s:259:63:259:69":93,"s:260:4:261:Infinity":94,"s:261:6:261:Infinity":95,"s:265:26:265:Infinity":96,"s:266:4:266:Infinity":97,"b:269:4:280:Infinity:undefined:undefined:undefined:undefined":32,"s:269:4:280:Infinity":98,"b:269:8:269:33:269:22:269:72":33,"s:270:23:270:97":99,"s:271:6:271:Infinity":100,"b:274:6:280:Infinity:undefined:undefined:undefined:undefined":34,"s:274:6:280:Infinity":101,"s:275:8:280:Infinity":102,"s:285:4:285:Infinity":103,"b:288:4:296:Infinity:undefined:undefined:undefined:undefined":35,"s:288:4:296:Infinity":104,"b:289:6:289:Infinity:290:6:290:Infinity":36,"s:292:6:292:Infinity":105,"s:293:6:296:Infinity":106,"f:294:40:294:Infinity":12,"s:295:12:295:Infinity":107,"s:300:4:303:Infinity":108,"s:305:4:305:Infinity":109,"f:311:17:311:25":13,"s:312:19:312:Infinity":110,"b:315:4:322:Infinity:undefined:undefined:undefined:undefined":37,"s:315:4:322:Infinity":111,"s:316:6:316:Infinity":112,"s:318:6:321:Infinity":113,"s:322:6:322:Infinity":114,"s:326:4:326:Infinity":115,"s:327:4:327:Infinity":116,"b:330:4:333:Infinity:undefined:undefined:undefined:undefined":38,"s:330:4:333:Infinity":117,"b:330:8:330:34:330:14:330:61":39,"s:331:6:331:Infinity":118,"s:332:12:332:46":119,"s:333:6:333:Infinity":120,"s:337:4:340:Infinity":121,"s:342:4:342:Infinity":122,"f:349:17:349:30":14,"s:350:28:350:48":123,"b:350:28:350:46:350:46:350:48":40,"b:352:4:353:Infinity:undefined:undefined:undefined:undefined":41,"s:352:4:353:Infinity":124,"s:353:6:353:Infinity":125,"s:356:19:356:Infinity":126,"s:359:20:359:Infinity":127,"b:361:4:362:Infinity:undefined:undefined:undefined:undefined":42,"s:361:4:362:Infinity":128,"f:361:33:361:39":15,"s:361:45:361:78":129,"s:362:6:362:Infinity":130,"s:365:27:365:Infinity":131,"b:368:4:371:Infinity:undefined:undefined:undefined:undefined":43,"s:368:4:371:Infinity":132,"s:369:6:371:Infinity":133,"s:375:4:377:Infinity":134,"b:376:6:377:Infinity:undefined:undefined:undefined:undefined":44,"s:376:6:377:Infinity":135,"b:376:10:376:21:376:21:376:48":45,"s:377:8:377:Infinity":136,"s:382:26:382:46":137,"b:383:4:384:Infinity:undefined:undefined:undefined:undefined":46,"s:383:4:384:Infinity":138,"s:384:6:384:Infinity":139,"s:388:26:388:64":140,"f:388:43:388:49":16,"s:388:58:388:64":141,"s:389:47:389:49":142,"s:391:4:393:Infinity":143,"s:392:19:392:Infinity":144,"s:393:6:393:Infinity":145,"s:397:4:397:Infinity":146,"s:400:4:400:Infinity":147,"s:401:4:401:Infinity":148,"s:402:4:402:Infinity":149,"s:405:4:408:Infinity":150,"s:410:4:410:Infinity":151,"f:416:17:416:31":17,"s:418:4:418:Infinity":152,"f:424:17:424:31":18,"s:425:4:443:Infinity":153,"f:427:29:427:34":19,"s:427:54:434:9":154}}}
,"/Users/ulrich.frank/Dev/private/molthar/game-web/src/lib/constants.ts": {"path":"/Users/ulrich.frank/Dev/private/molthar/game-web/src/lib/constants.ts","statementMap":{"0":{"start":{"line":4,"column":26},"end":{"line":13,"column":null}},"1":{"start":{"line":17,"column":28},"end":{"line":17,"column":30}},"2":{"start":{"line":18,"column":2},"end":{"line":23,"column":null}},"3":{"start":{"line":18,"column":19},"end":{"line":18,"column":22}},"4":{"start":{"line":19,"column":4},"end":{"line":23,"column":null}},"5":{"start":{"line":19,"column":17},"end":{"line":19,"column":20}},"6":{"start":{"line":20,"column":6},"end":{"line":23,"column":null}},"7":{"start":{"line":27,"column":2},"end":{"line":27,"column":null}},"8":{"start":{"line":27,"column":25},"end":{"line":27,"column":45}},"9":{"start":{"line":32,"column":2},"end":{"line":38,"column":null}},"10":{"start":{"line":33,"column":21},"end":{"line":33,"column":47}},"11":{"start":{"line":34,"column":4},"end":{"line":34,"column":null}},"12":{"start":{"line":34,"column":22},"end":{"line":34,"column":null}},"13":{"start":{"line":35,"column":4},"end":{"line":35,"column":null}},"14":{"start":{"line":37,"column":4},"end":{"line":37,"column":null}},"15":{"start":{"line":38,"column":4},"end":{"line":38,"column":null}}},"fnMap":{"0":{"name":"createPearlDeck","decl":{"start":{"line":16,"column":16},"end":{"line":16,"column":47}},"loc":{"start":{"line":16,"column":47},"end":{"line":27,"column":null}},"line":16},"1":{"name":"(anonymous_1)","decl":{"start":{"line":27,"column":14},"end":{"line":27,"column":25}},"loc":{"start":{"line":27,"column":25},"end":{"line":27,"column":45}},"line":27},"2":{"name":"loadCharacterCards","decl":{"start":{"line":31,"column":22},"end":{"line":31,"column":69}},"loc":{"start":{"line":31,"column":69},"end":{"line":38,"column":null}},"line":31}},"branchMap":{"0":{"loc":{"start":{"line":34,"column":4},"end":{"line":34,"column":null}},"type":"if","locations":[{"start":{"line":34,"column":4},"end":{"line":34,"column":null}},{"start":{},"end":{}}],"line":34}},"s":{"0":1,"1":119,"2":119,"3":119,"4":952,"5":952,"6":6664,"7":119,"8":29233,"9":0,"10":0,"11":0,"12":0,"13":0,"14":0,"15":0},"f":{"0":119,"1":29233,"2":0},"b":{"0":[0,0]},"meta":{"lastBranch":1,"lastFunction":3,"lastStatement":16,"seen":{"s:4:26:13:Infinity":0,"f:16:16:16:47":0,"s:17:28:17:30":1,"s:18:2:23:Infinity":2,"s:18:19:18:22":3,"s:19:4:23:Infinity":4,"s:19:17:19:20":5,"s:20:6:23:Infinity":6,"s:27:2:27:Infinity":7,"f:27:14:27:25":1,"s:27:25:27:45":8,"f:31:22:31:69":2,"s:32:2:38:Infinity":9,"s:33:21:33:47":10,"b:34:4:34:Infinity:undefined:undefined:undefined:undefined":0,"s:34:4:34:Infinity":11,"s:34:22:34:Infinity":12,"s:35:4:35:Infinity":13,"s:37:4:37:Infinity":14,"s:38:4:38:Infinity":15}}}
,"/Users/ulrich.frank/Dev/private/molthar/game-web/src/lib/types.ts": {"path":"/Users/ulrich.frank/Dev/private/molthar/game-web/src/lib/types.ts","statementMap":{"0":{"start":{"line":14,"column":27},"end":{"line":34,"column":null}},"1":{"start":{"line":86,"column":30},"end":{"line":93,"column":null}}},"fnMap":{},"branchMap":{},"s":{"0":1,"1":1},"f":{},"b":{},"meta":{"lastBranch":0,"lastFunction":0,"lastStatement":2,"seen":{"s:14:27:34:Infinity":0,"s:86:30:93:Infinity":1}}}
}
